<?xml version="1.0" encoding="UTF-8"?>
<coverage generated="1748070969358" clover="3.2.0">
  <project timestamp="1748070969358" name="All files">
    <metrics statements="913" coveredstatements="565" conditionals="456" coveredconditionals="270" methods="183" coveredmethods="92" elements="1552" coveredelements="927" complexity="0" loc="913" ncloc="913" packages="6" files="15" classes="15"/>
    <package name="src">
      <metrics statements="15" coveredstatements="0" conditionals="7" coveredconditionals="0" methods="2" coveredmethods="0"/>
      <file name="App.vue" path="C:\Users\9cats\handicraft\Cursor\sample_blender\sample-blender\src\App.vue">
        <metrics statements="15" coveredstatements="0" conditionals="7" coveredconditionals="0" methods="2" coveredmethods="0"/>
        <line num="3" count="0" type="cond" truecount="0" falsecount="3"/>
        <line num="4" count="0" type="cond" truecount="0" falsecount="4"/>
        <line num="8" count="0" type="stmt"/>
        <line num="11" count="0" type="stmt"/>
        <line num="12" count="0" type="stmt"/>
        <line num="13" count="0" type="stmt"/>
        <line num="19" count="0" type="stmt"/>
        <line num="20" count="0" type="stmt"/>
        <line num="21" count="0" type="stmt"/>
        <line num="22" count="0" type="stmt"/>
        <line num="23" count="0" type="stmt"/>
        <line num="25" count="0" type="stmt"/>
        <line num="26" count="0" type="stmt"/>
        <line num="30" count="0" type="stmt"/>
        <line num="31" count="0" type="stmt"/>
      </file>
      <file name="shims-vue.d.ts" path="C:\Users\9cats\handicraft\Cursor\sample_blender\sample-blender\src\shims-vue.d.ts">
        <metrics statements="0" coveredstatements="0" conditionals="0" coveredconditionals="0" methods="0" coveredmethods="0"/>
      </file>
    </package>
    <package name="src.components">
      <metrics statements="452" coveredstatements="248" conditionals="248" coveredconditionals="177" methods="103" coveredmethods="37"/>
      <file name="AudioPlayer.vue" path="C:\Users\9cats\handicraft\Cursor\sample_blender\sample-blender\src\components\AudioPlayer.vue">
        <metrics statements="303" coveredstatements="163" conditionals="193" coveredconditionals="149" methods="76" coveredmethods="24"/>
        <line num="5" count="1" type="cond" truecount="3" falsecount="0"/>
        <line num="7" count="65" type="cond" truecount="1" falsecount="1"/>
        <line num="8" count="0" type="stmt"/>
        <line num="11" count="10" type="cond" truecount="2" falsecount="0"/>
        <line num="13" count="65" type="stmt"/>
        <line num="14" count="65" type="stmt"/>
        <line num="16" count="0" type="stmt"/>
        <line num="20" count="0" type="stmt"/>
        <line num="21" count="0" type="stmt"/>
        <line num="23" count="0" type="stmt"/>
        <line num="27" count="75" type="cond" truecount="2" falsecount="0"/>
        <line num="29" count="10" type="cond" truecount="2" falsecount="0"/>
        <line num="32" count="1" type="cond" truecount="3" falsecount="0"/>
        <line num="33" count="10" type="stmt"/>
        <line num="36" count="65" type="cond" truecount="1" falsecount="1"/>
        <line num="37" count="65" type="stmt"/>
        <line num="46" count="10" type="stmt"/>
        <line num="51" count="0" type="stmt"/>
        <line num="54" count="30" type="stmt"/>
        <line num="55" count="75" type="stmt"/>
        <line num="59" count="75" type="cond" truecount="1" falsecount="1"/>
        <line num="60" count="190" type="cond" truecount="3" falsecount="1"/>
        <line num="61" count="190" type="cond" truecount="2" falsecount="11"/>
        <line num="62" count="190" type="cond" truecount="1" falsecount="1"/>
        <line num="63" count="190" type="cond" truecount="4" falsecount="2"/>
        <line num="66" count="75" type="stmt"/>
        <line num="67" count="75" type="stmt"/>
        <line num="69" count="65" type="stmt"/>
        <line num="70" count="65" type="stmt"/>
        <line num="75" count="0" type="stmt"/>
        <line num="76" count="0" type="stmt"/>
        <line num="77" count="0" type="stmt"/>
        <line num="78" count="0" type="stmt"/>
        <line num="80" count="0" type="stmt"/>
        <line num="81" count="0" type="stmt"/>
        <line num="82" count="0" type="stmt"/>
        <line num="84" count="50" type="cond" truecount="7" falsecount="0"/>
        <line num="85" count="10" type="stmt"/>
        <line num="86" count="10" type="stmt"/>
        <line num="88" count="40" type="cond" truecount="6" falsecount="0"/>
        <line num="89" count="30" type="stmt"/>
        <line num="90" count="30" type="stmt"/>
        <line num="92" count="10" type="cond" truecount="2" falsecount="2"/>
        <line num="93" count="0" type="stmt"/>
        <line num="94" count="0" type="stmt"/>
        <line num="95" count="0" type="stmt"/>
        <line num="97" count="10" type="cond" truecount="3" falsecount="1"/>
        <line num="98" count="0" type="stmt"/>
        <line num="99" count="0" type="stmt"/>
        <line num="100" count="0" type="stmt"/>
        <line num="102" count="10" type="cond" truecount="1" falsecount="1"/>
        <line num="103" count="10" type="stmt"/>
        <line num="104" count="10" type="stmt"/>
        <line num="106" count="105" type="stmt"/>
        <line num="108" count="0" type="stmt"/>
        <line num="109" count="0" type="stmt"/>
        <line num="111" count="190" type="stmt"/>
        <line num="113" count="10" type="cond" truecount="1" falsecount="1"/>
        <line num="114" count="10" type="stmt"/>
        <line num="120" count="1" type="cond" truecount="3" falsecount="0"/>
        <line num="121" count="3" type="cond" truecount="4" falsecount="0"/>
        <line num="125" count="1" type="stmt"/>
        <line num="128" count="1" type="stmt"/>
        <line num="129" count="1" type="stmt"/>
        <line num="130" count="1" type="stmt"/>
        <line num="131" count="1" type="stmt"/>
        <line num="132" count="1" type="stmt"/>
        <line num="133" count="1" type="stmt"/>
        <line num="141" count="5" type="stmt"/>
        <line num="143" count="5" type="stmt"/>
        <line num="145" count="5" type="stmt"/>
        <line num="146" count="5" type="stmt"/>
        <line num="147" count="5" type="stmt"/>
        <line num="148" count="5" type="stmt"/>
        <line num="153" count="5" type="stmt"/>
        <line num="154" count="5" type="stmt"/>
        <line num="158" count="5" type="stmt"/>
        <line num="163" count="5" type="stmt"/>
        <line num="164" count="5" type="stmt"/>
        <line num="169" count="5" type="stmt"/>
        <line num="175" count="5" type="stmt"/>
        <line num="176" count="5" type="stmt"/>
        <line num="178" count="5" type="stmt"/>
        <line num="179" count="5" type="stmt"/>
        <line num="180" count="20" type="stmt"/>
        <line num="181" count="20" type="stmt"/>
        <line num="182" count="20" type="cond" truecount="1" falsecount="1"/>
        <line num="183" count="0" type="cond" truecount="0" falsecount="2"/>
        <line num="184" count="0" type="stmt"/>
        <line num="188" count="5" type="stmt"/>
        <line num="189" count="0" type="stmt"/>
        <line num="190" count="0" type="stmt"/>
        <line num="191" count="0" type="stmt"/>
        <line num="193" count="5" type="stmt"/>
        <line num="194" count="0" type="stmt"/>
        <line num="196" count="5" type="stmt"/>
        <line num="197" count="0" type="stmt"/>
        <line num="199" count="5" type="stmt"/>
        <line num="200" count="0" type="stmt"/>
        <line num="203" count="5" type="stmt"/>
        <line num="204" count="5" type="stmt"/>
        <line num="206" count="5" type="stmt"/>
        <line num="207" count="90" type="cond" truecount="9" falsecount="1"/>
        <line num="209" count="5" type="stmt"/>
        <line num="210" count="5" type="stmt"/>
        <line num="211" count="5" type="stmt"/>
        <line num="212" count="5" type="stmt"/>
        <line num="214" count="20" type="cond" truecount="2" falsecount="0"/>
        <line num="215" count="15" type="stmt"/>
        <line num="216" count="15" type="stmt"/>
        <line num="218" count="15" type="stmt"/>
        <line num="219" count="15" type="cond" truecount="1" falsecount="1"/>
        <line num="220" count="0" type="stmt"/>
        <line num="222" count="15" type="stmt"/>
        <line num="224" count="15" type="stmt"/>
        <line num="225" count="15" type="stmt"/>
        <line num="226" count="15" type="stmt"/>
        <line num="228" count="15" type="stmt"/>
        <line num="229" count="15" type="stmt"/>
        <line num="231" count="15" type="stmt"/>
        <line num="232" count="15" type="stmt"/>
        <line num="234" count="15" type="stmt"/>
        <line num="235" count="15" type="stmt"/>
        <line num="238" count="5" type="stmt"/>
        <line num="239" count="0" type="stmt"/>
        <line num="241" count="5" type="stmt"/>
        <line num="243" count="0" type="stmt"/>
        <line num="244" count="0" type="stmt"/>
        <line num="245" count="0" type="stmt"/>
        <line num="247" count="5" type="stmt"/>
        <line num="253" count="5" type="stmt"/>
        <line num="254" count="0" type="stmt"/>
        <line num="255" count="0" type="stmt"/>
        <line num="257" count="5" type="stmt"/>
        <line num="258" count="0" type="stmt"/>
        <line num="259" count="0" type="stmt"/>
        <line num="260" count="0" type="stmt"/>
        <line num="262" count="0" type="stmt"/>
        <line num="263" count="0" type="cond" truecount="0" falsecount="2"/>
        <line num="264" count="0" type="stmt"/>
        <line num="267" count="0" type="stmt"/>
        <line num="269" count="0" type="stmt"/>
        <line num="270" count="0" type="stmt"/>
        <line num="273" count="0" type="stmt"/>
        <line num="274" count="0" type="stmt"/>
        <line num="277" count="5" type="stmt"/>
        <line num="278" count="0" type="cond" truecount="0" falsecount="2"/>
        <line num="279" count="0" type="stmt"/>
        <line num="280" count="0" type="stmt"/>
        <line num="285" count="5" type="stmt"/>
        <line num="286" count="0" type="stmt"/>
        <line num="287" count="0" type="stmt"/>
        <line num="288" count="0" type="stmt"/>
        <line num="290" count="0" type="stmt"/>
        <line num="293" count="5" type="stmt"/>
        <line num="294" count="0" type="stmt"/>
        <line num="295" count="0" type="stmt"/>
        <line num="296" count="0" type="stmt"/>
        <line num="298" count="0" type="stmt"/>
        <line num="302" count="5" type="stmt"/>
        <line num="303" count="0" type="stmt"/>
        <line num="304" count="0" type="stmt"/>
        <line num="305" count="0" type="stmt"/>
        <line num="306" count="0" type="stmt"/>
        <line num="308" count="0" type="stmt"/>
        <line num="311" count="5" type="stmt"/>
        <line num="312" count="0" type="stmt"/>
        <line num="313" count="0" type="stmt"/>
        <line num="314" count="0" type="stmt"/>
        <line num="315" count="0" type="stmt"/>
        <line num="317" count="0" type="stmt"/>
        <line num="321" count="5" type="stmt"/>
        <line num="322" count="0" type="stmt"/>
        <line num="323" count="0" type="stmt"/>
        <line num="324" count="0" type="stmt"/>
        <line num="326" count="0" type="stmt"/>
        <line num="329" count="5" type="stmt"/>
        <line num="330" count="0" type="stmt"/>
        <line num="331" count="0" type="stmt"/>
        <line num="332" count="0" type="stmt"/>
        <line num="333" count="0" type="stmt"/>
        <line num="335" count="0" type="stmt"/>
        <line num="339" count="5" type="stmt"/>
        <line num="340" count="0" type="stmt"/>
        <line num="341" count="0" type="stmt"/>
        <line num="342" count="0" type="stmt"/>
        <line num="344" count="0" type="stmt"/>
        <line num="347" count="5" type="stmt"/>
        <line num="348" count="0" type="stmt"/>
        <line num="349" count="0" type="stmt"/>
        <line num="350" count="0" type="stmt"/>
        <line num="351" count="0" type="stmt"/>
        <line num="353" count="0" type="stmt"/>
        <line num="357" count="5" type="stmt"/>
        <line num="358" count="0" type="stmt"/>
        <line num="359" count="0" type="stmt"/>
        <line num="360" count="0" type="stmt"/>
        <line num="362" count="0" type="stmt"/>
        <line num="365" count="5" type="stmt"/>
        <line num="366" count="0" type="stmt"/>
        <line num="367" count="0" type="stmt"/>
        <line num="368" count="0" type="stmt"/>
        <line num="369" count="0" type="stmt"/>
        <line num="371" count="0" type="stmt"/>
        <line num="375" count="5" type="stmt"/>
        <line num="376" count="0" type="stmt"/>
        <line num="377" count="0" type="cond" truecount="0" falsecount="2"/>
        <line num="378" count="0" type="stmt"/>
        <line num="379" count="0" type="stmt"/>
        <line num="380" count="0" type="cond" truecount="0" falsecount="2"/>
        <line num="381" count="0" type="stmt"/>
        <line num="385" count="5" type="stmt"/>
        <line num="386" count="5" type="cond" truecount="1" falsecount="1"/>
        <line num="387" count="0" type="stmt"/>
        <line num="388" count="0" type="stmt"/>
        <line num="392" count="5" type="stmt"/>
        <line num="393" count="5" type="stmt"/>
        <line num="395" count="0" type="cond" truecount="0" falsecount="2"/>
        <line num="396" count="0" type="stmt"/>
        <line num="398" count="0" type="stmt"/>
        <line num="399" count="0" type="stmt"/>
        <line num="403" count="5" type="stmt"/>
        <line num="404" count="5" type="stmt"/>
        <line num="406" count="5" type="stmt"/>
        <line num="407" count="15" type="cond" truecount="3" falsecount="1"/>
        <line num="409" count="5" type="stmt"/>
        <line num="411" count="5" type="stmt"/>
        <line num="416" count="5" type="stmt"/>
        <line num="418" count="5" type="stmt"/>
        <line num="419" count="5" type="stmt"/>
        <line num="421" count="0" type="stmt"/>
        <line num="422" count="0" type="stmt"/>
        <line num="423" count="0" type="stmt"/>
        <line num="425" count="5" type="stmt"/>
        <line num="430" count="5" type="stmt"/>
        <line num="432" count="5" type="stmt"/>
        <line num="434" count="5" type="stmt"/>
        <line num="436" count="5" type="stmt"/>
        <line num="438" count="5" type="stmt"/>
        <line num="443" count="5" type="stmt"/>
        <line num="448" count="5" type="stmt"/>
        <line num="452" count="5" type="stmt"/>
        <line num="458" count="5" type="stmt"/>
        <line num="463" count="5" type="stmt"/>
        <line num="464" count="5" type="stmt"/>
        <line num="465" count="5" type="stmt"/>
        <line num="466" count="5" type="stmt"/>
        <line num="467" count="5" type="stmt"/>
        <line num="469" count="5" type="stmt"/>
        <line num="500" count="1" type="stmt"/>
        <line num="501" count="1" type="stmt"/>
        <line num="502" count="1" type="stmt"/>
        <line num="503" count="1" type="stmt"/>
        <line num="504" count="1" type="stmt"/>
        <line num="508" count="1" type="stmt"/>
        <line num="512" count="1" type="stmt"/>
        <line num="513" count="1" type="stmt"/>
        <line num="514" count="1" type="stmt"/>
        <line num="515" count="1" type="stmt"/>
        <line num="516" count="1" type="stmt"/>
        <line num="517" count="1" type="stmt"/>
        <line num="518" count="1" type="stmt"/>
        <line num="519" count="1" type="stmt"/>
        <line num="520" count="1" type="stmt"/>
        <line num="521" count="1" type="stmt"/>
        <line num="522" count="1" type="stmt"/>
        <line num="523" count="1" type="stmt"/>
        <line num="525" count="25" type="stmt"/>
        <line num="526" count="25" type="stmt"/>
        <line num="527" count="25" type="stmt"/>
        <line num="528" count="25" type="stmt"/>
        <line num="552" count="0" type="cond" truecount="2" falsecount="0"/>
        <line num="553" count="0" type="cond" truecount="2" falsecount="0"/>
        <line num="559" count="0" type="cond" truecount="2" falsecount="0"/>
        <line num="560" count="0" type="cond" truecount="2" falsecount="0"/>
        <line num="566" count="0" type="cond" truecount="2" falsecount="0"/>
        <line num="567" count="0" type="cond" truecount="2" falsecount="0"/>
        <line num="587" count="0" type="cond" truecount="2" falsecount="0"/>
        <line num="588" count="0" type="cond" truecount="2" falsecount="0"/>
        <line num="594" count="0" type="cond" truecount="2" falsecount="0"/>
        <line num="595" count="0" type="cond" truecount="2" falsecount="0"/>
        <line num="600" count="0" type="cond" truecount="2" falsecount="0"/>
        <line num="601" count="0" type="cond" truecount="2" falsecount="0"/>
        <line num="607" count="0" type="cond" truecount="2" falsecount="0"/>
        <line num="608" count="0" type="cond" truecount="2" falsecount="0"/>
        <line num="629" count="0" type="cond" truecount="2" falsecount="0"/>
        <line num="641" count="0" type="cond" truecount="2" falsecount="0"/>
        <line num="642" count="0" type="cond" truecount="2" falsecount="0"/>
        <line num="649" count="0" type="cond" truecount="2" falsecount="0"/>
        <line num="650" count="0" type="cond" truecount="2" falsecount="0"/>
        <line num="656" count="0" type="cond" truecount="2" falsecount="0"/>
        <line num="657" count="0" type="cond" truecount="2" falsecount="0"/>
        <line num="664" count="0" type="cond" truecount="2" falsecount="0"/>
        <line num="665" count="0" type="cond" truecount="2" falsecount="0"/>
        <line num="675" count="0" type="stmt"/>
        <line num="676" count="0" type="stmt"/>
        <line num="677" count="0" type="stmt"/>
        <line num="679" count="0" type="cond" truecount="0" falsecount="2"/>
        <line num="690" count="0" type="cond" truecount="2" falsecount="0"/>
        <line num="699" count="0" type="cond" truecount="2" falsecount="0"/>
        <line num="700" count="0" type="cond" truecount="2" falsecount="0"/>
        <line num="710" count="1" type="stmt"/>
        <line num="711" count="1" type="stmt"/>
      </file>
      <file name="Knob.vue" path="C:\Users\9cats\handicraft\Cursor\sample_blender\sample-blender\src\components\Knob.vue">
        <metrics statements="87" coveredstatements="73" conditionals="32" coveredconditionals="24" methods="16" coveredmethods="12"/>
        <line num="3" count="2" type="stmt"/>
        <line num="6" count="2" type="stmt"/>
        <line num="7" count="2" type="stmt"/>
        <line num="53" count="74" type="stmt"/>
        <line num="54" count="74" type="stmt"/>
        <line num="55" count="74" type="stmt"/>
        <line num="56" count="74" type="stmt"/>
        <line num="57" count="74" type="stmt"/>
        <line num="58" count="74" type="stmt"/>
        <line num="59" count="75" type="stmt"/>
        <line num="61" count="74" type="stmt"/>
        <line num="62" count="2" type="cond" truecount="2" falsecount="0"/>
        <line num="63" count="1" type="stmt"/>
        <line num="65" count="74" type="stmt"/>
        <line num="66" count="2" type="cond" truecount="2" falsecount="0"/>
        <line num="67" count="1" type="stmt"/>
        <line num="68" count="1" type="stmt"/>
        <line num="69" count="1" type="stmt"/>
        <line num="70" count="1" type="stmt"/>
        <line num="71" count="1" type="stmt"/>
        <line num="72" count="1" type="stmt"/>
        <line num="73" count="1" type="stmt"/>
        <line num="74" count="1" type="stmt"/>
        <line num="76" count="74" type="stmt"/>
        <line num="77" count="1" type="cond" truecount="1" falsecount="1"/>
        <line num="78" count="1" type="stmt"/>
        <line num="79" count="1" type="stmt"/>
        <line num="80" count="1" type="stmt"/>
        <line num="81" count="1" type="stmt"/>
        <line num="82" count="1" type="stmt"/>
        <line num="83" count="1" type="stmt"/>
        <line num="84" count="1" type="stmt"/>
        <line num="85" count="1" type="stmt"/>
        <line num="86" count="1" type="stmt"/>
        <line num="88" count="74" type="stmt"/>
        <line num="89" count="1" type="cond" truecount="1" falsecount="1"/>
        <line num="90" count="1" type="stmt"/>
        <line num="91" count="1" type="stmt"/>
        <line num="92" count="1" type="stmt"/>
        <line num="93" count="1" type="stmt"/>
        <line num="96" count="74" type="stmt"/>
        <line num="97" count="0" type="cond" truecount="0" falsecount="2"/>
        <line num="98" count="0" type="stmt"/>
        <line num="101" count="74" type="stmt"/>
        <line num="102" count="0" type="stmt"/>
        <line num="104" count="74" type="stmt"/>
        <line num="105" count="0" type="cond" truecount="0" falsecount="2"/>
        <line num="106" count="0" type="stmt"/>
        <line num="107" count="0" type="stmt"/>
        <line num="108" count="0" type="stmt"/>
        <line num="109" count="0" type="stmt"/>
        <line num="110" count="0" type="stmt"/>
        <line num="111" count="0" type="stmt"/>
        <line num="113" count="74" type="stmt"/>
        <line num="114" count="74" type="stmt"/>
        <line num="115" count="74" type="stmt"/>
        <line num="117" count="74" type="stmt"/>
        <line num="127" count="2" type="stmt"/>
        <line num="128" count="2" type="stmt"/>
        <line num="129" count="2" type="stmt"/>
        <line num="130" count="2" type="stmt"/>
        <line num="131" count="2" type="stmt"/>
        <line num="132" count="2" type="stmt"/>
        <line num="133" count="2" type="stmt"/>
        <line num="135" count="77" type="stmt"/>
        <line num="143" count="2" type="stmt"/>
        <line num="144" count="2" type="stmt"/>
        <line num="145" count="2" type="stmt"/>
        <line num="147" count="2" type="cond" truecount="2" falsecount="0"/>
        <line num="152" count="2" type="stmt"/>
        <line num="153" count="2" type="stmt"/>
        <line num="154" count="2" type="stmt"/>
        <line num="156" count="2" type="cond" truecount="2" falsecount="0"/>
        <line num="161" count="1" type="stmt"/>
        <line num="162" count="1" type="stmt"/>
        <line num="163" count="1" type="stmt"/>
        <line num="165" count="1" type="cond" truecount="2" falsecount="0"/>
        <line num="170" count="1" type="stmt"/>
        <line num="171" count="1" type="stmt"/>
        <line num="172" count="1" type="stmt"/>
        <line num="174" count="1" type="cond" truecount="2" falsecount="0"/>
        <line num="179" count="0" type="stmt"/>
        <line num="180" count="0" type="stmt"/>
        <line num="181" count="0" type="stmt"/>
        <line num="183" count="0" type="cond" truecount="0" falsecount="2"/>
        <line num="197" count="2" type="stmt"/>
        <line num="198" count="2" type="stmt"/>
      </file>
      <file name="VolumeMeter.vue" path="C:\Users\9cats\handicraft\Cursor\sample_blender\sample-blender\src\components\VolumeMeter.vue">
        <metrics statements="12" coveredstatements="12" conditionals="4" coveredconditionals="4" methods="1" coveredmethods="1"/>
        <line num="3" count="2" type="stmt"/>
        <line num="6" count="2" type="stmt"/>
        <line num="7" count="2" type="stmt"/>
        <line num="21" count="2" type="stmt"/>
        <line num="22" count="2" type="stmt"/>
        <line num="23" count="2" type="stmt"/>
        <line num="24" count="2" type="stmt"/>
        <line num="25" count="2" type="stmt"/>
        <line num="26" count="2" type="stmt"/>
        <line num="28" count="15" type="stmt"/>
        <line num="42" count="2" type="stmt"/>
        <line num="43" count="2" type="stmt"/>
      </file>
      <file name="WaveformDisplay.vue" path="C:\Users\9cats\handicraft\Cursor\sample_blender\sample-blender\src\components\WaveformDisplay.vue">
        <metrics statements="50" coveredstatements="0" conditionals="19" coveredconditionals="0" methods="10" coveredmethods="0"/>
        <line num="3" count="0" type="cond" truecount="0" falsecount="3"/>
        <line num="4" count="0" type="cond" truecount="0" falsecount="4"/>
        <line num="8" count="0" type="stmt"/>
        <line num="11" count="0" type="stmt"/>
        <line num="12" count="0" type="stmt"/>
        <line num="13" count="0" type="stmt"/>
        <line num="23" count="0" type="stmt"/>
        <line num="24" count="0" type="stmt"/>
        <line num="25" count="0" type="stmt"/>
        <line num="26" count="0" type="stmt"/>
        <line num="27" count="0" type="stmt"/>
        <line num="28" count="0" type="stmt"/>
        <line num="29" count="0" type="cond" truecount="0" falsecount="2"/>
        <line num="30" count="0" type="stmt"/>
        <line num="31" count="0" type="stmt"/>
        <line num="33" count="0" type="stmt"/>
        <line num="52" count="0" type="stmt"/>
        <line num="53" count="0" type="cond" truecount="0" falsecount="2"/>
        <line num="55" count="0" type="stmt"/>
        <line num="56" count="0" type="stmt"/>
        <line num="57" count="0" type="stmt"/>
        <line num="58" count="0" type="stmt"/>
        <line num="60" count="0" type="stmt"/>
        <line num="61" count="0" type="stmt"/>
        <line num="62" count="0" type="stmt"/>
        <line num="63" count="0" type="stmt"/>
        <line num="66" count="0" type="stmt"/>
        <line num="67" count="0" type="stmt"/>
        <line num="68" count="0" type="stmt"/>
        <line num="69" count="0" type="stmt"/>
        <line num="71" count="0" type="stmt"/>
        <line num="72" count="0" type="stmt"/>
        <line num="73" count="0" type="stmt"/>
        <line num="74" count="0" type="cond" truecount="0" falsecount="2"/>
        <line num="75" count="0" type="stmt"/>
        <line num="78" count="0" type="stmt"/>
        <line num="81" count="0" type="stmt"/>
        <line num="82" count="0" type="cond" truecount="0" falsecount="2"/>
        <line num="83" count="0" type="stmt"/>
        <line num="86" count="0" type="stmt"/>
        <line num="93" count="0" type="stmt"/>
        <line num="94" count="0" type="stmt"/>
        <line num="95" count="0" type="stmt"/>
        <line num="96" count="0" type="stmt"/>
        <line num="97" count="0" type="stmt"/>
        <line num="101" count="0" type="stmt"/>
        <line num="105" count="0" type="stmt"/>
        <line num="110" count="0" type="stmt"/>
        <line num="120" count="0" type="stmt"/>
        <line num="121" count="0" type="stmt"/>
      </file>
    </package>
    <package name="src.core">
      <metrics statements="298" coveredstatements="192" conditionals="147" coveredconditionals="60" methods="44" coveredmethods="28"/>
      <file name="AudioEngine.ts" path="C:\Users\9cats\handicraft\Cursor\sample_blender\sample-blender\src\core\AudioEngine.ts">
        <metrics statements="259" coveredstatements="157" conditionals="135" coveredconditionals="51" methods="37" coveredmethods="21"/>
        <line num="24" count="2" type="stmt"/>
        <line num="25" count="2" type="stmt"/>
        <line num="26" count="2" type="stmt"/>
        <line num="27" count="2" type="stmt"/>
        <line num="28" count="2" type="stmt"/>
        <line num="29" count="2" type="stmt"/>
        <line num="30" count="2" type="stmt"/>
        <line num="35" count="24" type="stmt"/>
        <line num="36" count="24" type="stmt"/>
        <line num="37" count="24" type="stmt"/>
        <line num="38" count="24" type="stmt"/>
        <line num="39" count="24" type="stmt"/>
        <line num="42" count="24" type="stmt"/>
        <line num="43" count="24" type="stmt"/>
        <line num="44" count="24" type="stmt"/>
        <line num="45" count="24" type="stmt"/>
        <line num="46" count="24" type="stmt"/>
        <line num="47" count="24" type="stmt"/>
        <line num="50" count="24" type="stmt"/>
        <line num="60" count="24" type="stmt"/>
        <line num="61" count="24" type="stmt"/>
        <line num="62" count="24" type="stmt"/>
        <line num="63" count="24" type="stmt"/>
        <line num="66" count="24" type="stmt"/>
        <line num="69" count="24" type="stmt"/>
        <line num="71" count="0" type="stmt"/>
        <line num="81" count="27" type="cond" truecount="2" falsecount="0"/>
        <line num="82" count="3" type="stmt"/>
        <line num="86" count="24" type="stmt"/>
        <line num="87" count="96" type="cond" truecount="3" falsecount="1"/>
        <line num="88" count="96" type="stmt"/>
        <line num="91" count="24" type="stmt"/>
        <line num="94" count="24" type="stmt"/>
        <line num="97" count="24" type="stmt"/>
        <line num="98" count="46" type="stmt"/>
        <line num="101" count="24" type="cond" truecount="1" falsecount="1"/>
        <line num="102" count="24" type="stmt"/>
        <line num="106" count="24" type="stmt"/>
        <line num="117" count="4" type="cond" truecount="2" falsecount="0"/>
        <line num="118" count="1" type="stmt"/>
        <line num="120" count="3" type="cond" truecount="4" falsecount="0"/>
        <line num="121" count="2" type="stmt"/>
        <line num="123" count="1" type="stmt"/>
        <line num="132" count="3" type="cond" truecount="2" falsecount="0"/>
        <line num="133" count="1" type="stmt"/>
        <line num="135" count="2" type="stmt"/>
        <line num="144" count="0" type="cond" truecount="0" falsecount="2"/>
        <line num="145" count="0" type="stmt"/>
        <line num="147" count="0" type="stmt"/>
        <line num="158" count="46" type="cond" truecount="1" falsecount="1"/>
        <line num="159" count="0" type="stmt"/>
        <line num="161" count="46" type="stmt"/>
        <line num="162" count="46" type="stmt"/>
        <line num="163" count="46" type="stmt"/>
        <line num="166" count="46" type="stmt"/>
        <line num="167" count="46" type="stmt"/>
        <line num="170" count="46" type="stmt"/>
        <line num="172" count="0" type="cond" truecount="0" falsecount="2"/>
        <line num="182" count="1" type="cond" truecount="1" falsecount="1"/>
        <line num="183" count="0" type="stmt"/>
        <line num="185" count="1" type="stmt"/>
        <line num="186" count="1" type="cond" truecount="1" falsecount="1"/>
        <line num="187" count="0" type="stmt"/>
        <line num="191" count="1" type="stmt"/>
        <line num="192" count="1" type="cond" truecount="1" falsecount="1"/>
        <line num="193" count="0" type="stmt"/>
        <line num="194" count="0" type="stmt"/>
        <line num="198" count="1" type="stmt"/>
        <line num="199" count="1" type="stmt"/>
        <line num="200" count="1" type="stmt"/>
        <line num="203" count="1" type="stmt"/>
        <line num="204" count="1" type="cond" truecount="1" falsecount="1"/>
        <line num="205" count="0" type="stmt"/>
        <line num="209" count="1" type="stmt"/>
        <line num="210" count="1" type="stmt"/>
        <line num="212" count="1" type="stmt"/>
        <line num="215" count="1" type="cond" truecount="2" falsecount="0"/>
        <line num="216" count="1" type="stmt"/>
        <line num="217" count="1" type="stmt"/>
        <line num="218" count="1" type="stmt"/>
        <line num="221" count="1" type="stmt"/>
        <line num="230" count="3" type="cond" truecount="1" falsecount="1"/>
        <line num="231" count="0" type="stmt"/>
        <line num="235" count="3" type="stmt"/>
        <line num="238" count="3" type="stmt"/>
        <line num="241" count="3" type="stmt"/>
        <line num="242" count="7" type="stmt"/>
        <line num="243" count="7" type="cond" truecount="2" falsecount="0"/>
        <line num="244" count="1" type="stmt"/>
        <line num="248" count="6" type="stmt"/>
        <line num="249" count="6" type="stmt"/>
        <line num="250" count="6" type="stmt"/>
        <line num="253" count="6" type="stmt"/>
        <line num="254" count="6" type="cond" truecount="1" falsecount="1"/>
        <line num="255" count="0" type="stmt"/>
        <line num="259" count="6" type="stmt"/>
        <line num="260" count="6" type="stmt"/>
        <line num="262" count="6" type="stmt"/>
        <line num="265" count="6" type="cond" truecount="2" falsecount="0"/>
        <line num="266" count="6" type="stmt"/>
        <line num="269" count="6" type="stmt"/>
        <line num="270" count="0" type="stmt"/>
        <line num="271" count="0" type="cond" truecount="0" falsecount="4"/>
        <line num="272" count="0" type="stmt"/>
        <line num="277" count="6" type="stmt"/>
        <line num="278" count="6" type="stmt"/>
        <line num="279" count="6" type="stmt"/>
        <line num="283" count="2" type="stmt"/>
        <line num="290" count="3" type="stmt"/>
        <line num="291" count="0" type="stmt"/>
        <line num="292" count="0" type="stmt"/>
        <line num="293" count="0" type="stmt"/>
        <line num="298" count="3" type="stmt"/>
        <line num="299" count="3" type="stmt"/>
        <line num="300" count="3" type="stmt"/>
        <line num="312" count="0" type="cond" truecount="0" falsecount="2"/>
        <line num="313" count="0" type="stmt"/>
        <line num="315" count="0" type="cond" truecount="0" falsecount="4"/>
        <line num="316" count="0" type="stmt"/>
        <line num="319" count="0" type="stmt"/>
        <line num="320" count="0" type="stmt"/>
        <line num="330" count="0" type="cond" truecount="0" falsecount="2"/>
        <line num="331" count="0" type="stmt"/>
        <line num="334" count="0" type="cond" truecount="0" falsecount="2"/>
        <line num="335" count="0" type="stmt"/>
        <line num="344" count="0" type="cond" truecount="0" falsecount="2"/>
        <line num="345" count="0" type="stmt"/>
        <line num="347" count="0" type="stmt"/>
        <line num="359" count="0" type="cond" truecount="0" falsecount="2"/>
        <line num="360" count="0" type="stmt"/>
        <line num="362" count="0" type="cond" truecount="0" falsecount="2"/>
        <line num="363" count="0" type="stmt"/>
        <line num="365" count="0" type="cond" truecount="0" falsecount="4"/>
        <line num="366" count="0" type="stmt"/>
        <line num="370" count="0" type="stmt"/>
        <line num="372" count="0" type="stmt"/>
        <line num="382" count="7" type="cond" truecount="1" falsecount="1"/>
        <line num="383" count="0" type="stmt"/>
        <line num="385" count="7" type="cond" truecount="1" falsecount="1"/>
        <line num="386" count="0" type="stmt"/>
        <line num="388" count="7" type="cond" truecount="2" falsecount="0"/>
        <line num="397" count="0" type="cond" truecount="0" falsecount="2"/>
        <line num="398" count="0" type="stmt"/>
        <line num="400" count="0" type="cond" truecount="0" falsecount="2"/>
        <line num="401" count="0" type="stmt"/>
        <line num="403" count="0" type="stmt"/>
        <line num="415" count="3" type="cond" truecount="1" falsecount="1"/>
        <line num="416" count="0" type="stmt"/>
        <line num="420" count="3" type="cond" truecount="2" falsecount="3"/>
        <line num="422" count="2" type="stmt"/>
        <line num="423" count="2" type="stmt"/>
        <line num="425" count="0" type="stmt"/>
        <line num="426" count="0" type="stmt"/>
        <line num="428" count="0" type="stmt"/>
        <line num="429" count="0" type="stmt"/>
        <line num="431" count="0" type="stmt"/>
        <line num="432" count="0" type="stmt"/>
        <line num="434" count="1" type="stmt"/>
        <line num="437" count="2" type="stmt"/>
        <line num="438" count="2" type="stmt"/>
        <line num="440" count="0" type="stmt"/>
        <line num="452" count="4" type="cond" truecount="2" falsecount="0"/>
        <line num="453" count="1" type="stmt"/>
        <line num="455" count="3" type="stmt"/>
        <line num="463" count="1" type="cond" truecount="1" falsecount="1"/>
        <line num="464" count="0" type="stmt"/>
        <line num="466" count="1" type="stmt"/>
        <line num="474" count="1" type="cond" truecount="1" falsecount="1"/>
        <line num="475" count="0" type="stmt"/>
        <line num="477" count="1" type="stmt"/>
        <line num="487" count="0" type="cond" truecount="0" falsecount="2"/>
        <line num="488" count="0" type="stmt"/>
        <line num="490" count="0" type="cond" truecount="0" falsecount="4"/>
        <line num="491" count="0" type="stmt"/>
        <line num="493" count="0" type="stmt"/>
        <line num="494" count="0" type="cond" truecount="0" falsecount="2"/>
        <line num="495" count="0" type="stmt"/>
        <line num="506" count="0" type="cond" truecount="0" falsecount="2"/>
        <line num="507" count="0" type="stmt"/>
        <line num="509" count="0" type="stmt"/>
        <line num="510" count="0" type="cond" truecount="0" falsecount="2"/>
        <line num="519" count="0" type="cond" truecount="0" falsecount="2"/>
        <line num="520" count="0" type="stmt"/>
        <line num="522" count="0" type="cond" truecount="0" falsecount="2"/>
        <line num="523" count="0" type="stmt"/>
        <line num="527" count="0" type="stmt"/>
        <line num="528" count="0" type="stmt"/>
        <line num="530" count="0" type="stmt"/>
        <line num="531" count="0" type="cond" truecount="0" falsecount="2"/>
        <line num="532" count="0" type="stmt"/>
        <line num="533" count="0" type="cond" truecount="0" falsecount="2"/>
        <line num="534" count="0" type="stmt"/>
        <line num="538" count="0" type="stmt"/>
        <line num="547" count="0" type="cond" truecount="0" falsecount="2"/>
        <line num="548" count="0" type="stmt"/>
        <line num="550" count="0" type="stmt"/>
        <line num="551" count="0" type="cond" truecount="0" falsecount="2"/>
        <line num="559" count="0" type="cond" truecount="0" falsecount="2"/>
        <line num="560" count="0" type="stmt"/>
        <line num="562" count="0" type="stmt"/>
        <line num="563" count="0" type="stmt"/>
        <line num="564" count="0" type="cond" truecount="0" falsecount="2"/>
        <line num="565" count="0" type="stmt"/>
        <line num="568" count="0" type="stmt"/>
        <line num="576" count="5" type="stmt"/>
        <line num="586" count="0" type="cond" truecount="0" falsecount="2"/>
        <line num="587" count="0" type="stmt"/>
        <line num="589" count="0" type="stmt"/>
        <line num="599" count="24" type="stmt"/>
        <line num="600" count="24" type="stmt"/>
        <line num="602" count="24" type="stmt"/>
        <line num="604" count="0" type="stmt"/>
        <line num="613" count="24" type="cond" truecount="1" falsecount="1"/>
        <line num="614" count="0" type="stmt"/>
        <line num="616" count="24" type="stmt"/>
        <line num="617" count="24" type="stmt"/>
        <line num="618" count="24" type="stmt"/>
        <line num="620" count="0" type="stmt"/>
        <line num="629" count="24" type="cond" truecount="1" falsecount="1"/>
        <line num="630" count="0" type="stmt"/>
        <line num="633" count="24" type="stmt"/>
        <line num="635" count="24" type="stmt"/>
        <line num="636" count="24" type="stmt"/>
        <line num="637" count="24" type="stmt"/>
        <line num="640" count="24" type="stmt"/>
        <line num="641" count="24" type="stmt"/>
        <line num="642" count="24" type="stmt"/>
        <line num="645" count="24" type="stmt"/>
        <line num="646" count="24" type="stmt"/>
        <line num="647" count="24" type="stmt"/>
        <line num="650" count="24" type="stmt"/>
        <line num="651" count="24" type="stmt"/>
        <line num="652" count="24" type="stmt"/>
        <line num="655" count="24" type="stmt"/>
        <line num="657" count="0" type="stmt"/>
        <line num="667" count="55" type="cond" truecount="1" falsecount="1"/>
        <line num="668" count="0" type="stmt"/>
        <line num="671" count="55" type="stmt"/>
        <line num="672" count="55" type="stmt"/>
        <line num="673" count="55" type="cond" truecount="2" falsecount="0"/>
        <line num="674" count="1" type="stmt"/>
        <line num="677" count="54" type="stmt"/>
        <line num="680" count="54" type="cond" truecount="2" falsecount="0"/>
        <line num="681" count="20" type="stmt"/>
        <line num="682" count="34" type="cond" truecount="2" falsecount="0"/>
        <line num="683" count="17" type="stmt"/>
        <line num="684" count="17" type="cond" truecount="2" falsecount="0"/>
        <line num="685" count="16" type="stmt"/>
        <line num="687" count="1" type="stmt"/>
        <line num="688" count="1" type="stmt"/>
        <line num="691" count="53" type="cond" truecount="1" falsecount="1"/>
        <line num="692" count="0" type="stmt"/>
        <line num="694" count="53" type="cond" truecount="1" falsecount="1"/>
        <line num="695" count="0" type="stmt"/>
        <line num="699" count="53" type="stmt"/>
        <line num="700" count="53" type="stmt"/>
        <line num="703" count="53" type="stmt"/>
        <line num="704" count="53" type="stmt"/>
        <line num="707" count="1" type="stmt"/>
      </file>
      <file name="EffectsManager.ts" path="C:\Users\9cats\handicraft\Cursor\sample_blender\sample-blender\src\core\EffectsManager.ts">
        <metrics statements="39" coveredstatements="35" conditionals="12" coveredconditionals="9" methods="7" coveredmethods="7"/>
        <line num="27" count="33" type="stmt"/>
        <line num="43" count="33" type="stmt"/>
        <line num="44" count="33" type="stmt"/>
        <line num="45" count="33" type="stmt"/>
        <line num="53" count="33" type="stmt"/>
        <line num="55" count="33" type="stmt"/>
        <line num="56" count="33" type="stmt"/>
        <line num="57" count="33" type="stmt"/>
        <line num="60" count="33" type="stmt"/>
        <line num="61" count="33" type="stmt"/>
        <line num="62" count="33" type="stmt"/>
        <line num="65" count="33" type="stmt"/>
        <line num="66" count="33" type="stmt"/>
        <line num="67" count="33" type="stmt"/>
        <line num="70" count="33" type="stmt"/>
        <line num="71" count="33" type="stmt"/>
        <line num="72" count="33" type="stmt"/>
        <line num="74" count="0" type="stmt"/>
        <line num="85" count="11" type="cond" truecount="2" falsecount="0"/>
        <line num="86" count="1" type="stmt"/>
        <line num="89" count="10" type="stmt"/>
        <line num="90" count="10" type="cond" truecount="1" falsecount="1"/>
        <line num="91" count="0" type="stmt"/>
        <line num="94" count="10" type="stmt"/>
        <line num="95" count="10" type="stmt"/>
        <line num="96" count="10" type="stmt"/>
        <line num="98" count="0" type="stmt"/>
        <line num="109" count="105" type="cond" truecount="2" falsecount="0"/>
        <line num="110" count="1" type="stmt"/>
        <line num="113" count="104" type="stmt"/>
        <line num="114" count="104" type="cond" truecount="1" falsecount="1"/>
        <line num="115" count="0" type="stmt"/>
        <line num="118" count="104" type="stmt"/>
        <line num="127" count="116" type="stmt"/>
        <line num="134" count="36" type="stmt"/>
        <line num="135" count="132" type="cond" truecount="3" falsecount="1"/>
        <line num="136" count="132" type="stmt"/>
        <line num="139" count="36" type="stmt"/>
        <line num="140" count="36" type="stmt"/>
      </file>
    </package>
    <package name="src.effects">
      <metrics statements="121" coveredstatements="101" conditionals="44" coveredconditionals="27" methods="27" coveredmethods="21"/>
      <file name="EffectChain.ts" path="C:\Users\9cats\handicraft\Cursor\sample_blender\sample-blender\src\effects\EffectChain.ts">
        <metrics statements="50" coveredstatements="33" conditionals="24" coveredconditionals="8" methods="13" coveredmethods="9"/>
        <line num="15" count="100" type="stmt"/>
        <line num="24" count="100" type="stmt"/>
        <line num="25" count="100" type="stmt"/>
        <line num="33" count="106" type="stmt"/>
        <line num="41" count="130" type="stmt"/>
        <line num="49" count="101" type="stmt"/>
        <line num="50" count="101" type="stmt"/>
        <line num="58" count="1" type="stmt"/>
        <line num="59" count="1" type="cond" truecount="1" falsecount="1"/>
        <line num="60" count="1" type="stmt"/>
        <line num="61" count="1" type="stmt"/>
        <line num="62" count="1" type="stmt"/>
        <line num="72" count="0" type="cond" truecount="0" falsecount="6"/>
        <line num="74" count="0" type="stmt"/>
        <line num="78" count="0" type="stmt"/>
        <line num="81" count="0" type="stmt"/>
        <line num="82" count="0" type="stmt"/>
        <line num="83" count="0" type="stmt"/>
        <line num="86" count="0" type="stmt"/>
        <line num="94" count="0" type="stmt"/>
        <line num="95" count="0" type="cond" truecount="0" falsecount="2"/>
        <line num="103" count="101" type="stmt"/>
        <line num="104" count="101" type="cond" truecount="1" falsecount="1"/>
        <line num="106" count="101" type="cond" truecount="2" falsecount="0"/>
        <line num="108" count="100" type="stmt"/>
        <line num="111" count="1" type="stmt"/>
        <line num="114" count="101" type="cond" truecount="1" falsecount="1"/>
        <line num="116" count="101" type="stmt"/>
        <line num="125" count="1" type="stmt"/>
        <line num="126" count="1" type="cond" truecount="1" falsecount="1"/>
        <line num="128" count="1" type="cond" truecount="1" falsecount="1"/>
        <line num="129" count="1" type="stmt"/>
        <line num="131" count="0" type="stmt"/>
        <line num="134" count="1" type="cond" truecount="1" falsecount="1"/>
        <line num="135" count="1" type="stmt"/>
        <line num="143" count="0" type="cond" truecount="0" falsecount="2"/>
        <line num="144" count="0" type="stmt"/>
        <line num="145" count="0" type="stmt"/>
        <line num="148" count="0" type="stmt"/>
        <line num="149" count="0" type="stmt"/>
        <line num="150" count="0" type="stmt"/>
        <line num="152" count="0" type="stmt"/>
        <line num="159" count="101" type="stmt"/>
        <line num="160" count="101" type="stmt"/>
        <line num="161" count="100" type="stmt"/>
        <line num="162" count="100" type="stmt"/>
        <line num="170" count="101" type="stmt"/>
        <line num="171" count="101" type="stmt"/>
        <line num="172" count="100" type="stmt"/>
        <line num="174" count="101" type="stmt"/>
      </file>
      <file name="Filter.ts" path="C:\Users\9cats\handicraft\Cursor\sample_blender\sample-blender\src\effects\Filter.ts">
        <metrics statements="71" coveredstatements="68" conditionals="20" coveredconditionals="19" methods="14" coveredmethods="12"/>
        <line num="23" count="31" type="stmt"/>
        <line num="24" count="31" type="stmt"/>
        <line num="25" count="31" type="stmt"/>
        <line num="26" count="31" type="stmt"/>
        <line num="33" count="0" type="stmt"/>
        <line num="41" count="31" type="stmt"/>
        <line num="42" count="31" type="stmt"/>
        <line num="43" count="31" type="stmt"/>
        <line num="44" count="31" type="stmt"/>
        <line num="45" count="31" type="stmt"/>
        <line num="48" count="31" type="stmt"/>
        <line num="49" count="31" type="stmt"/>
        <line num="50" count="31" type="stmt"/>
        <line num="53" count="31" type="stmt"/>
        <line num="54" count="31" type="stmt"/>
        <line num="57" count="31" type="stmt"/>
        <line num="65" count="31" type="stmt"/>
        <line num="66" count="31" type="stmt"/>
        <line num="67" count="31" type="stmt"/>
        <line num="70" count="31" type="stmt"/>
        <line num="71" count="31" type="stmt"/>
        <line num="74" count="31" type="stmt"/>
        <line num="75" count="31" type="stmt"/>
        <line num="82" count="1" type="stmt"/>
        <line num="89" count="0" type="stmt"/>
        <line num="98" count="11" type="stmt"/>
        <line num="99" count="11" type="cond" truecount="2" falsecount="0"/>
        <line num="100" count="1" type="stmt"/>
        <line num="102" count="10" type="stmt"/>
        <line num="111" count="13" type="stmt"/>
        <line num="112" count="13" type="cond" truecount="2" falsecount="0"/>
        <line num="113" count="1" type="stmt"/>
        <line num="115" count="12" type="stmt"/>
        <line num="123" count="9" type="stmt"/>
        <line num="125" count="9" type="cond" truecount="2" falsecount="0"/>
        <line num="127" count="7" type="stmt"/>
        <line num="128" count="7" type="stmt"/>
        <line num="131" count="2" type="stmt"/>
        <line num="132" count="2" type="stmt"/>
        <line num="141" count="9" type="cond" truecount="4" falsecount="0"/>
        <line num="142" count="2" type="stmt"/>
        <line num="144" count="7" type="stmt"/>
        <line num="146" count="7" type="cond" truecount="4" falsecount="0"/>
        <line num="148" count="1" type="stmt"/>
        <line num="149" count="1" type="stmt"/>
        <line num="153" count="6" type="stmt"/>
        <line num="155" count="6" type="cond" truecount="2" falsecount="0"/>
        <line num="157" count="1" type="stmt"/>
        <line num="159" count="1" type="stmt"/>
        <line num="161" count="1" type="stmt"/>
        <line num="162" count="1" type="stmt"/>
        <line num="163" count="1" type="stmt"/>
        <line num="166" count="5" type="stmt"/>
        <line num="168" count="5" type="stmt"/>
        <line num="170" count="5" type="stmt"/>
        <line num="171" count="5" type="stmt"/>
        <line num="172" count="5" type="stmt"/>
        <line num="181" count="7" type="cond" truecount="3" falsecount="1"/>
        <line num="182" count="0" type="stmt"/>
        <line num="184" count="7" type="stmt"/>
        <line num="192" count="6" type="stmt"/>
        <line num="200" count="11" type="stmt"/>
        <line num="211" count="1" type="stmt"/>
        <line num="212" count="1" type="stmt"/>
        <line num="213" count="1" type="stmt"/>
        <line num="214" count="1" type="stmt"/>
        <line num="215" count="1" type="stmt"/>
        <line num="222" count="40" type="stmt"/>
        <line num="223" count="40" type="stmt"/>
        <line num="224" count="40" type="stmt"/>
        <line num="225" count="40" type="stmt"/>
      </file>
    </package>
    <package name="src.effects.base">
      <metrics statements="27" coveredstatements="24" conditionals="10" coveredconditionals="6" methods="7" coveredmethods="6"/>
      <file name="BaseEffect.ts" path="C:\Users\9cats\handicraft\Cursor\sample_blender\sample-blender\src\effects\base\BaseEffect.ts">
        <metrics statements="27" coveredstatements="24" conditionals="10" coveredconditionals="6" methods="7" coveredmethods="6"/>
        <line num="15" count="48" type="stmt"/>
        <line num="16" count="48" type="stmt"/>
        <line num="17" count="48" type="stmt"/>
        <line num="21" count="48" type="cond" truecount="2" falsecount="0"/>
        <line num="22" count="1" type="stmt"/>
        <line num="25" count="47" type="stmt"/>
        <line num="26" count="47" type="stmt"/>
        <line num="27" count="47" type="stmt"/>
        <line num="28" count="47" type="stmt"/>
        <line num="29" count="47" type="stmt"/>
        <line num="31" count="0" type="cond" truecount="0" falsecount="2"/>
        <line num="36" count="112" type="cond" truecount="2" falsecount="0"/>
        <line num="37" count="6" type="stmt"/>
        <line num="42" count="52" type="stmt"/>
        <line num="43" count="51" type="stmt"/>
        <line num="47" count="53" type="stmt"/>
        <line num="48" count="52" type="stmt"/>
        <line num="61" count="8" type="stmt"/>
        <line num="69" count="0" type="stmt"/>
        <line num="73" count="56" type="cond" truecount="2" falsecount="0"/>
        <line num="74" count="23" type="stmt"/>
        <line num="77" count="33" type="stmt"/>
        <line num="78" count="33" type="stmt"/>
        <line num="79" count="33" type="stmt"/>
        <line num="80" count="33" type="stmt"/>
        <line num="81" count="33" type="stmt"/>
        <line num="83" count="0" type="cond" truecount="0" falsecount="2"/>
      </file>
    </package>
    <package name="src.types">
      <metrics statements="0" coveredstatements="0" conditionals="0" coveredconditionals="0" methods="0" coveredmethods="0"/>
      <file name="common.ts" path="C:\Users\9cats\handicraft\Cursor\sample_blender\sample-blender\src\types\common.ts">
        <metrics statements="0" coveredstatements="0" conditionals="0" coveredconditionals="0" methods="0" coveredmethods="0"/>
      </file>
      <file name="index.ts" path="C:\Users\9cats\handicraft\Cursor\sample_blender\sample-blender\src\types\index.ts">
        <metrics statements="0" coveredstatements="0" conditionals="0" coveredconditionals="0" methods="0" coveredmethods="0"/>
      </file>
      <file name="player.ts" path="C:\Users\9cats\handicraft\Cursor\sample_blender\sample-blender\src\types\player.ts">
        <metrics statements="0" coveredstatements="0" conditionals="0" coveredconditionals="0" methods="0" coveredmethods="0"/>
      </file>
      <file name="wavesurfer.ts" path="C:\Users\9cats\handicraft\Cursor\sample_blender\sample-blender\src\types\wavesurfer.ts">
        <metrics statements="0" coveredstatements="0" conditionals="0" coveredconditionals="0" methods="0" coveredmethods="0"/>
      </file>
    </package>
  </project>
</coverage>
