TN:
SF:src\App.vue
FN:3,(anonymous_0)
FN:24,render
FNF:2
FNH:0
FNDA:0,(anonymous_0)
FNDA:0,render
DA:3,0
DA:4,0
DA:8,0
DA:11,0
DA:12,0
DA:13,0
DA:19,0
DA:20,0
DA:21,0
DA:22,0
DA:23,0
DA:25,0
DA:26,0
DA:30,0
DA:31,0
LF:15
LH:0
BRDA:3,0,0,0
BRDA:3,0,1,0
BRDA:3,0,2,0
BRDA:4,1,0,0
BRDA:4,1,1,0
BRDA:4,2,0,0
BRDA:4,2,1,0
BRF:7
BRH:0
end_of_record
TN:
SF:src\shims-vue.d.ts
FNF:0
FNH:0
LF:0
LH:0
BRF:0
BRH:0
end_of_record
TN:
SF:src\components\AudioPlayer.vue
FN:3,(anonymous_0)
FN:4,adopt
FN:5,(anonymous_2)
FN:9,(anonymous_3)
FN:10,fulfilled
FN:17,rejected
FN:24,step
FN:30,(anonymous_7)
FN:33,(anonymous_8)
FN:48,(anonymous_9)
FN:51,verb
FN:52,(anonymous_11)
FN:56,step
FN:118,(anonymous_13)
FN:140,(anonymous_14)
FN:170,(anonymous_15)
FN:171,(anonymous_16)
FN:173,(anonymous_17)
FN:205,(anonymous_18)
FN:219,(anonymous_19)
FN:224,(anonymous_20)
FN:227,(anonymous_21)
FN:230,(anonymous_22)
FN:233,(anonymous_23)
FN:237,(anonymous_24)
FN:269,(anonymous_25)
FN:275,(anonymous_26)
FN:285,(anonymous_27)
FN:293,(anonymous_28)
FN:301,(anonymous_29)
FN:310,(anonymous_30)
FN:318,(anonymous_31)
FN:327,(anonymous_32)
FN:328,(anonymous_33)
FN:338,(anonymous_34)
FN:345,(anonymous_35)
FN:347,(anonymous_36)
FN:356,(anonymous_37)
FN:376,(anonymous_38)
FN:387,(anonymous_39)
FN:398,(anonymous_40)
FN:399,(anonymous_41)
FN:401,(anonymous_42)
FN:427,(anonymous_43)
FN:490,render
FN:518,(anonymous_45)
FN:519,(anonymous_46)
FN:527,(anonymous_47)
FN:548,(anonymous_48)
FN:549,(anonymous_49)
FN:557,(anonymous_50)
FN:558,(anonymous_51)
FN:579,(anonymous_52)
FN:591,(anonymous_53)
FN:592,(anonymous_54)
FN:601,(anonymous_55)
FN:602,(anonymous_56)
FN:611,(anonymous_57)
FN:627,(anonymous_58)
FNF:59
FNH:23
FNDA:10,(anonymous_0)
FNDA:65,adopt
FNDA:0,(anonymous_2)
FNDA:10,(anonymous_3)
FNDA:65,fulfilled
FNDA:0,rejected
FNDA:75,step
FNDA:10,(anonymous_7)
FNDA:65,(anonymous_8)
FNDA:0,(anonymous_9)
FNDA:30,verb
FNDA:75,(anonymous_11)
FNDA:75,step
FNDA:3,(anonymous_13)
FNDA:5,(anonymous_14)
FNDA:5,(anonymous_15)
FNDA:5,(anonymous_16)
FNDA:90,(anonymous_17)
FNDA:0,(anonymous_18)
FNDA:0,(anonymous_19)
FNDA:0,(anonymous_20)
FNDA:0,(anonymous_21)
FNDA:0,(anonymous_22)
FNDA:0,(anonymous_23)
FNDA:0,(anonymous_24)
FNDA:0,(anonymous_25)
FNDA:0,(anonymous_26)
FNDA:0,(anonymous_27)
FNDA:0,(anonymous_28)
FNDA:0,(anonymous_29)
FNDA:0,(anonymous_30)
FNDA:0,(anonymous_31)
FNDA:0,(anonymous_32)
FNDA:0,(anonymous_33)
FNDA:5,(anonymous_34)
FNDA:5,(anonymous_35)
FNDA:0,(anonymous_36)
FNDA:5,(anonymous_37)
FNDA:0,(anonymous_38)
FNDA:0,(anonymous_39)
FNDA:5,(anonymous_40)
FNDA:5,(anonymous_41)
FNDA:15,(anonymous_42)
FNDA:5,(anonymous_43)
FNDA:25,render
FNDA:0,(anonymous_45)
FNDA:0,(anonymous_46)
FNDA:0,(anonymous_47)
FNDA:0,(anonymous_48)
FNDA:0,(anonymous_49)
FNDA:0,(anonymous_50)
FNDA:0,(anonymous_51)
FNDA:0,(anonymous_52)
FNDA:0,(anonymous_53)
FNDA:0,(anonymous_54)
FNDA:0,(anonymous_55)
FNDA:0,(anonymous_56)
FNDA:0,(anonymous_57)
FNDA:0,(anonymous_58)
DA:3,1
DA:5,65
DA:6,0
DA:9,10
DA:11,65
DA:12,65
DA:14,0
DA:18,0
DA:19,0
DA:21,0
DA:25,75
DA:27,10
DA:30,1
DA:31,10
DA:34,65
DA:35,65
DA:44,10
DA:49,0
DA:52,30
DA:53,75
DA:57,75
DA:58,190
DA:59,190
DA:60,190
DA:61,190
DA:64,75
DA:65,75
DA:67,65
DA:68,65
DA:73,0
DA:74,0
DA:75,0
DA:76,0
DA:78,0
DA:79,0
DA:80,0
DA:82,50
DA:83,10
DA:84,10
DA:86,40
DA:87,30
DA:88,30
DA:90,10
DA:91,0
DA:92,0
DA:93,0
DA:95,10
DA:96,0
DA:97,0
DA:98,0
DA:100,10
DA:101,10
DA:102,10
DA:104,105
DA:106,0
DA:107,0
DA:109,190
DA:111,10
DA:112,10
DA:118,1
DA:119,3
DA:123,1
DA:126,1
DA:127,1
DA:128,1
DA:129,1
DA:130,1
DA:131,1
DA:132,1
DA:133,1
DA:141,5
DA:143,5
DA:145,5
DA:146,5
DA:147,5
DA:148,5
DA:153,5
DA:154,5
DA:158,5
DA:159,5
DA:164,5
DA:165,5
DA:166,5
DA:167,5
DA:168,5
DA:170,5
DA:171,5
DA:173,5
DA:174,90
DA:176,5
DA:177,5
DA:178,5
DA:179,5
DA:181,20
DA:182,15
DA:183,15
DA:185,15
DA:186,15
DA:187,0
DA:189,15
DA:191,15
DA:192,15
DA:193,15
DA:195,15
DA:196,15
DA:198,15
DA:199,15
DA:201,15
DA:202,15
DA:205,5
DA:206,0
DA:208,5
DA:210,0
DA:211,0
DA:212,0
DA:214,5
DA:219,5
DA:220,0
DA:221,0
DA:222,0
DA:224,5
DA:225,0
DA:227,5
DA:228,0
DA:230,5
DA:231,0
DA:233,5
DA:234,0
DA:235,0
DA:237,5
DA:238,0
DA:239,0
DA:240,0
DA:242,0
DA:243,0
DA:244,0
DA:247,0
DA:248,0
DA:249,0
DA:251,0
DA:252,0
DA:255,0
DA:257,0
DA:258,0
DA:259,0
DA:260,0
DA:261,0
DA:265,0
DA:266,0
DA:269,5
DA:270,0
DA:271,0
DA:272,0
DA:275,5
DA:276,0
DA:277,0
DA:278,0
DA:279,0
DA:280,0
DA:282,0
DA:285,5
DA:286,0
DA:287,0
DA:288,0
DA:290,0
DA:293,5
DA:294,0
DA:295,0
DA:296,0
DA:298,0
DA:301,5
DA:302,0
DA:303,0
DA:304,0
DA:305,0
DA:307,0
DA:310,5
DA:311,0
DA:312,0
DA:313,0
DA:315,0
DA:318,5
DA:319,0
DA:320,0
DA:321,0
DA:323,0
DA:327,5
DA:328,0
DA:329,0
DA:330,0
DA:331,0
DA:332,0
DA:333,0
DA:338,5
DA:339,5
DA:340,0
DA:341,0
DA:345,5
DA:346,5
DA:348,0
DA:349,0
DA:351,0
DA:352,0
DA:356,5
DA:357,5
DA:359,5
DA:361,5
DA:362,5
DA:364,5
DA:366,5
DA:367,5
DA:368,0
DA:369,0
DA:372,0
DA:376,5
DA:377,0
DA:378,0
DA:379,0
DA:380,0
DA:383,0
DA:387,5
DA:388,0
DA:389,0
DA:390,0
DA:391,0
DA:394,0
DA:398,5
DA:399,5
DA:401,5
DA:402,15
DA:404,5
DA:406,5
DA:411,5
DA:413,5
DA:415,5
DA:416,5
DA:418,0
DA:419,0
DA:420,0
DA:422,5
DA:427,5
DA:429,5
DA:431,5
DA:433,5
DA:435,5
DA:436,5
DA:439,5
DA:466,1
DA:467,1
DA:468,1
DA:469,1
DA:470,1
DA:474,1
DA:478,1
DA:479,1
DA:480,1
DA:481,1
DA:482,1
DA:483,1
DA:484,1
DA:485,1
DA:486,1
DA:487,1
DA:488,1
DA:489,1
DA:491,25
DA:492,25
DA:493,25
DA:494,25
DA:518,0
DA:519,0
DA:527,0
DA:548,0
DA:549,0
DA:557,0
DA:558,0
DA:579,0
DA:591,0
DA:592,0
DA:601,0
DA:602,0
DA:612,0
DA:613,0
DA:614,0
DA:616,0
DA:627,0
DA:638,1
DA:639,1
LF:288
LH:160
BRDA:3,0,0,1
BRDA:3,0,1,1
BRDA:3,0,2,1
BRDA:5,1,0,65
BRDA:5,1,1,0
BRDA:9,2,0,10
BRDA:9,2,1,5
BRDA:25,3,0,10
BRDA:25,3,1,65
BRDA:27,4,0,10
BRDA:27,4,1,10
BRDA:30,5,0,1
BRDA:30,5,1,1
BRDA:30,5,2,1
BRDA:34,6,0,0
BRDA:34,6,1,65
BRDA:48,7,0,10
BRDA:48,7,1,10
BRDA:57,8,0,0
BRDA:57,8,1,75
BRDA:58,9,0,200
BRDA:58,9,1,10
BRDA:58,10,0,10
BRDA:58,10,1,0
BRDA:59,11,0,0
BRDA:59,11,1,190
BRDA:59,12,0,190
BRDA:59,12,1,0
BRDA:59,12,2,0
BRDA:59,13,0,0
BRDA:59,13,1,0
BRDA:59,14,0,0
BRDA:59,14,1,0
BRDA:59,15,0,0
BRDA:59,15,1,0
BRDA:59,16,0,0
BRDA:59,16,1,0
BRDA:60,17,0,0
BRDA:60,17,1,190
BRDA:61,18,0,75
BRDA:61,18,1,75
BRDA:61,18,2,65
BRDA:61,18,3,0
BRDA:61,18,4,0
BRDA:61,18,5,50
BRDA:82,19,0,10
BRDA:82,19,1,40
BRDA:82,20,0,50
BRDA:82,20,1,20
BRDA:82,20,2,20
BRDA:82,21,0,50
BRDA:82,21,1,30
BRDA:86,22,0,30
BRDA:86,22,1,10
BRDA:86,23,0,40
BRDA:86,23,1,40
BRDA:86,23,2,30
BRDA:86,23,3,30
BRDA:90,24,0,0
BRDA:90,24,1,10
BRDA:90,25,0,10
BRDA:90,25,1,0
BRDA:95,26,0,0
BRDA:95,26,1,10
BRDA:95,27,0,10
BRDA:95,27,1,10
BRDA:100,28,0,0
BRDA:100,28,1,10
BRDA:111,29,0,0
BRDA:111,29,1,10
BRDA:113,30,0,10
BRDA:113,30,1,0
BRDA:118,31,0,1
BRDA:118,31,1,1
BRDA:118,31,2,1
BRDA:119,32,0,2
BRDA:119,32,1,1
BRDA:119,33,0,3
BRDA:119,33,1,3
BRDA:174,34,0,5
BRDA:174,34,1,20
BRDA:174,34,2,15
BRDA:174,34,3,15
BRDA:174,34,4,15
BRDA:174,34,5,15
BRDA:174,34,6,15
BRDA:174,34,7,5
BRDA:174,34,8,0
BRDA:174,34,9,5
BRDA:181,35,0,5
BRDA:181,35,1,15
BRDA:186,36,0,0
BRDA:186,36,1,15
BRDA:243,37,0,0
BRDA:243,37,1,0
BRDA:248,38,0,0
BRDA:248,38,1,0
BRDA:251,39,0,0
BRDA:251,39,1,0
BRDA:257,40,0,0
BRDA:257,40,1,0
BRDA:259,41,0,0
BRDA:259,41,1,0
BRDA:270,42,0,0
BRDA:270,42,1,0
BRDA:329,43,0,0
BRDA:329,43,1,0
BRDA:332,44,0,0
BRDA:332,44,1,0
BRDA:339,45,0,0
BRDA:339,45,1,5
BRDA:348,46,0,0
BRDA:348,46,1,0
BRDA:367,47,0,0
BRDA:367,47,1,5
BRDA:378,48,0,0
BRDA:378,48,1,0
BRDA:389,49,0,0
BRDA:389,49,1,0
BRDA:402,50,0,5
BRDA:402,50,1,5
BRDA:402,50,2,0
BRDA:402,50,3,5
BRDA:435,51,0,5
BRDA:435,51,1,0
BRDA:495,52,0,25
BRDA:495,52,1,5
BRDA:496,53,0,0
BRDA:496,53,1,25
BRDA:499,54,0,20
BRDA:499,54,1,5
BRDA:504,55,0,25
BRDA:504,55,1,5
BRDA:505,56,0,15
BRDA:505,56,1,10
BRDA:518,57,0,25
BRDA:518,57,1,5
BRDA:519,58,0,25
BRDA:519,58,1,5
BRDA:527,59,0,25
BRDA:527,59,1,5
BRDA:534,60,0,25
BRDA:534,60,1,5
BRDA:535,61,0,10
BRDA:535,61,1,15
BRDA:548,62,0,25
BRDA:548,62,1,5
BRDA:549,63,0,25
BRDA:549,63,1,5
BRDA:557,64,0,25
BRDA:557,64,1,5
BRDA:558,65,0,25
BRDA:558,65,1,5
BRDA:564,66,0,25
BRDA:564,66,1,5
BRDA:565,67,0,5
BRDA:565,67,1,20
BRDA:579,68,0,25
BRDA:579,68,1,5
BRDA:583,69,0,25
BRDA:583,69,1,5
BRDA:585,70,0,25
BRDA:585,70,1,5
BRDA:591,71,0,25
BRDA:591,71,1,5
BRDA:592,72,0,25
BRDA:592,72,1,5
BRDA:601,73,0,25
BRDA:601,73,1,5
BRDA:602,74,0,25
BRDA:602,74,1,5
BRDA:609,75,0,25
BRDA:609,75,1,5
BRDA:616,76,0,0
BRDA:616,76,1,0
BRDA:618,77,0,25
BRDA:618,77,1,25
BRDA:627,78,0,25
BRDA:627,78,1,5
BRF:179
BRH:124
end_of_record
TN:
SF:src\components\Knob.vue
FN:48,(anonymous_0)
FN:53,(anonymous_1)
FN:57,(anonymous_2)
FN:61,(anonymous_3)
FN:71,(anonymous_4)
FN:80,(anonymous_5)
FN:88,(anonymous_6)
FN:93,(anonymous_7)
FN:96,(anonymous_8)
FN:114,render
FN:122,(anonymous_10)
FN:131,(anonymous_11)
FN:140,(anonymous_12)
FN:149,(anonymous_13)
FNF:14
FNH:12
FNDA:44,(anonymous_0)
FNDA:45,(anonymous_1)
FNDA:2,(anonymous_2)
FNDA:2,(anonymous_3)
FNDA:1,(anonymous_4)
FNDA:1,(anonymous_5)
FNDA:0,(anonymous_6)
FNDA:0,(anonymous_7)
FNDA:44,(anonymous_8)
FNDA:47,render
FNDA:2,(anonymous_10)
FNDA:2,(anonymous_11)
FNDA:1,(anonymous_12)
FNDA:1,(anonymous_13)
DA:3,2
DA:6,2
DA:7,2
DA:49,44
DA:50,44
DA:51,44
DA:52,44
DA:53,44
DA:54,45
DA:55,45
DA:57,44
DA:58,2
DA:59,1
DA:61,44
DA:62,2
DA:63,1
DA:64,1
DA:65,1
DA:66,1
DA:67,1
DA:68,1
DA:69,1
DA:71,44
DA:72,1
DA:73,1
DA:74,1
DA:75,1
DA:76,1
DA:77,1
DA:78,1
DA:80,44
DA:81,1
DA:82,1
DA:83,1
DA:84,1
DA:85,1
DA:88,44
DA:89,0
DA:90,0
DA:93,44
DA:94,0
DA:96,44
DA:97,44
DA:98,44
DA:100,44
DA:109,2
DA:110,2
DA:111,2
DA:112,2
DA:113,2
DA:115,47
DA:123,2
DA:124,2
DA:125,2
DA:127,2
DA:132,2
DA:133,2
DA:134,2
DA:136,2
DA:141,1
DA:142,1
DA:143,1
DA:145,1
DA:150,1
DA:151,1
DA:152,1
DA:154,1
DA:165,2
DA:166,2
LF:69
LH:66
BRDA:58,0,0,1
BRDA:58,0,1,1
BRDA:62,1,0,1
BRDA:62,1,1,1
BRDA:72,2,0,0
BRDA:72,2,1,1
BRDA:81,3,0,1
BRDA:81,3,1,0
BRDA:89,4,0,0
BRDA:89,4,1,0
BRDA:120,5,0,47
BRDA:120,5,1,44
BRDA:127,6,0,2
BRDA:127,6,1,2
BRDA:129,7,0,47
BRDA:129,7,1,44
BRDA:136,8,0,2
BRDA:136,8,1,2
BRDA:138,9,0,47
BRDA:138,9,1,44
BRDA:145,10,0,1
BRDA:145,10,1,1
BRDA:147,11,0,47
BRDA:147,11,1,44
BRDA:154,12,0,1
BRDA:154,12,1,1
BRF:26
BRH:22
end_of_record
TN:
SF:src\components\VolumeMeter.vue
FN:27,render
FNF:1
FNH:1
FNDA:15,render
DA:3,2
DA:6,2
DA:7,2
DA:21,2
DA:22,2
DA:23,2
DA:24,2
DA:25,2
DA:26,2
DA:28,15
DA:42,2
DA:43,2
LF:12
LH:12
BRDA:37,0,0,15
BRDA:37,0,1,10
BRDA:39,1,0,15
BRDA:39,1,1,10
BRF:4
BRH:4
end_of_record
TN:
SF:src\components\WaveformDisplay.vue
FN:3,(anonymous_0)
FN:22,(anonymous_1)
FN:28,(anonymous_2)
FN:52,(anonymous_3)
FN:55,(anonymous_4)
FN:60,(anonymous_5)
FN:66,(anonymous_6)
FN:71,(anonymous_7)
FN:81,(anonymous_8)
FN:109,render
FNF:10
FNH:0
FNDA:0,(anonymous_0)
FNDA:0,(anonymous_1)
FNDA:0,(anonymous_2)
FNDA:0,(anonymous_3)
FNDA:0,(anonymous_4)
FNDA:0,(anonymous_5)
FNDA:0,(anonymous_6)
FNDA:0,(anonymous_7)
FNDA:0,(anonymous_8)
FNDA:0,render
DA:3,0
DA:4,0
DA:8,0
DA:11,0
DA:12,0
DA:13,0
DA:23,0
DA:24,0
DA:25,0
DA:26,0
DA:27,0
DA:28,0
DA:29,0
DA:30,0
DA:31,0
DA:33,0
DA:52,0
DA:53,0
DA:55,0
DA:56,0
DA:57,0
DA:58,0
DA:60,0
DA:61,0
DA:62,0
DA:63,0
DA:66,0
DA:67,0
DA:68,0
DA:69,0
DA:71,0
DA:72,0
DA:73,0
DA:74,0
DA:75,0
DA:78,0
DA:81,0
DA:82,0
DA:83,0
DA:86,0
DA:93,0
DA:94,0
DA:95,0
DA:96,0
DA:97,0
DA:101,0
DA:105,0
DA:110,0
DA:120,0
DA:121,0
LF:50
LH:0
BRDA:3,0,0,0
BRDA:3,0,1,0
BRDA:3,0,2,0
BRDA:4,1,0,0
BRDA:4,1,1,0
BRDA:4,2,0,0
BRDA:4,2,1,0
BRDA:29,3,0,0
BRDA:29,3,1,0
BRDA:53,4,0,0
BRDA:53,4,1,0
BRDA:74,5,0,0
BRDA:74,5,1,0
BRDA:82,6,0,0
BRDA:82,6,1,0
BRDA:111,7,0,0
BRDA:111,7,1,0
BRDA:114,8,0,0
BRDA:114,8,1,0
BRF:19
BRH:0
end_of_record
TN:
SF:src\core\AudioEngine.ts
FN:32,(anonymous_0)
FN:48,(anonymous_1)
FN:60,(anonymous_2)
FN:75,(anonymous_3)
FN:87,(anonymous_4)
FN:98,(anonymous_5)
FN:109,(anonymous_6)
FN:120,(anonymous_7)
FN:127,(anonymous_8)
FN:142,(anonymous_9)
FN:158,(anonymous_10)
FN:170,(anonymous_11)
FN:183,(anonymous_12)
FN:202,(anonymous_13)
FN:215,(anonymous_14)
FN:227,(anonymous_15)
FN:243,(anonymous_16)
FN:287,(anonymous_17)
FN:288,(anonymous_18)
FN:306,(anonymous_19)
FN:323,(anonymous_20)
FN:335,(anonymous_21)
FN:340,(anonymous_22)
FN:352,(anonymous_23)
FN:362,(anonymous_24)
FN:374,(anonymous_25)
FN:400,(anonymous_26)
FN:423,(anonymous_27)
FNF:28
FNH:14
FNDA:16,(anonymous_0)
FNDA:19,(anonymous_1)
FNDA:4,(anonymous_2)
FNDA:3,(anonymous_3)
FNDA:0,(anonymous_4)
FNDA:1,(anonymous_5)
FNDA:1,(anonymous_6)
FNDA:19,(anonymous_7)
FNDA:6,(anonymous_8)
FNDA:0,(anonymous_9)
FNDA:0,(anonymous_10)
FNDA:0,(anonymous_11)
FNDA:0,(anonymous_12)
FNDA:0,(anonymous_13)
FNDA:0,(anonymous_14)
FNDA:0,(anonymous_15)
FNDA:0,(anonymous_16)
FNDA:3,(anonymous_17)
FNDA:0,(anonymous_18)
FNDA:24,(anonymous_19)
FNDA:0,(anonymous_20)
FNDA:0,(anonymous_21)
FNDA:0,(anonymous_22)
FNDA:5,(anonymous_23)
FNDA:3,(anonymous_24)
FNDA:7,(anonymous_25)
FNDA:0,(anonymous_26)
FNDA:5,(anonymous_27)
DA:16,16
DA:17,16
DA:18,2
DA:19,16
DA:20,16
DA:21,16
DA:22,16
DA:23,16
DA:24,16
DA:25,16
DA:26,16
DA:33,16
DA:34,16
DA:35,16
DA:36,16
DA:37,16
DA:39,0
DA:49,19
DA:50,1
DA:52,18
DA:61,4
DA:62,1
DA:64,3
DA:65,2
DA:67,1
DA:76,3
DA:77,1
DA:79,2
DA:88,0
DA:89,0
DA:91,0
DA:99,1
DA:100,0
DA:102,1
DA:110,1
DA:111,0
DA:113,1
DA:122,19
DA:123,3
DA:126,16
DA:127,16
DA:129,16
DA:130,16
DA:133,16
DA:143,0
DA:144,0
DA:146,0
DA:147,0
DA:149,0
DA:159,0
DA:160,0
DA:162,0
DA:171,0
DA:172,0
DA:174,0
DA:184,0
DA:185,0
DA:187,0
DA:188,0
DA:190,0
DA:191,0
DA:192,0
DA:203,0
DA:204,0
DA:206,0
DA:207,0
DA:216,0
DA:217,0
DA:219,0
DA:220,0
DA:224,0
DA:225,0
DA:227,0
DA:228,0
DA:229,0
DA:230,0
DA:231,0
DA:235,0
DA:244,0
DA:245,0
DA:247,0
DA:248,0
DA:249,0
DA:253,0
DA:254,0
DA:255,0
DA:256,0
DA:260,0
DA:261,0
DA:264,0
DA:265,0
DA:266,0
DA:267,0
DA:271,0
DA:272,0
DA:275,0
DA:276,0
DA:277,0
DA:278,0
DA:281,0
DA:288,3
DA:289,0
DA:290,0
DA:291,0
DA:296,3
DA:297,3
DA:298,3
DA:307,24
DA:308,0
DA:310,24
DA:311,24
DA:312,24
DA:314,0
DA:324,0
DA:325,0
DA:327,0
DA:328,0
DA:336,0
DA:337,0
DA:339,0
DA:340,0
DA:341,0
DA:342,0
DA:345,0
DA:353,5
DA:363,3
DA:364,0
DA:368,3
DA:371,3
DA:374,3
DA:375,7
DA:376,7
DA:377,1
DA:381,6
DA:382,6
DA:385,6
DA:386,6
DA:387,6
DA:388,6
DA:392,6
DA:393,6
DA:396,6
DA:397,6
DA:400,6
DA:401,0
DA:402,0
DA:403,0
DA:408,6
DA:409,6
DA:410,6
DA:414,2
DA:424,5
DA:425,0
DA:427,5
LF:154
LH:71
BRDA:49,0,0,1
BRDA:49,0,1,18
BRDA:61,1,0,1
BRDA:61,1,1,3
BRDA:64,2,0,2
BRDA:64,2,1,1
BRDA:64,3,0,3
BRDA:64,3,1,2
BRDA:76,4,0,1
BRDA:76,4,1,2
BRDA:88,5,0,0
BRDA:88,5,1,0
BRDA:99,6,0,0
BRDA:99,6,1,1
BRDA:110,7,0,0
BRDA:110,7,1,1
BRDA:122,8,0,3
BRDA:122,8,1,16
BRDA:129,9,0,16
BRDA:129,9,1,0
BRDA:143,10,0,0
BRDA:143,10,1,0
BRDA:146,11,0,0
BRDA:146,11,1,0
BRDA:146,12,0,0
BRDA:146,12,1,0
BRDA:159,13,0,0
BRDA:159,13,1,0
BRDA:162,14,0,0
BRDA:162,14,1,0
BRDA:171,15,0,0
BRDA:171,15,1,0
BRDA:184,16,0,0
BRDA:184,16,1,0
BRDA:187,17,0,0
BRDA:187,17,1,0
BRDA:187,18,0,0
BRDA:187,18,1,0
BRDA:191,19,0,0
BRDA:191,19,1,0
BRDA:203,20,0,0
BRDA:203,20,1,0
BRDA:207,21,0,0
BRDA:207,21,1,0
BRDA:216,22,0,0
BRDA:216,22,1,0
BRDA:219,23,0,0
BRDA:219,23,1,0
BRDA:228,24,0,0
BRDA:228,24,1,0
BRDA:230,25,0,0
BRDA:230,25,1,0
BRDA:244,26,0,0
BRDA:244,26,1,0
BRDA:248,27,0,0
BRDA:248,27,1,0
BRDA:254,28,0,0
BRDA:254,28,1,0
BRDA:265,29,0,0
BRDA:265,29,1,0
BRDA:275,30,0,0
BRDA:275,30,1,0
BRDA:307,31,0,0
BRDA:307,31,1,24
BRDA:314,32,0,0
BRDA:314,32,1,0
BRDA:324,33,0,0
BRDA:324,33,1,0
BRDA:328,34,0,0
BRDA:328,34,1,0
BRDA:336,35,0,0
BRDA:336,35,1,0
BRDA:341,36,0,0
BRDA:341,36,1,0
BRDA:362,37,0,1
BRDA:363,38,0,0
BRDA:363,38,1,3
BRDA:376,39,0,1
BRDA:376,39,1,6
BRDA:386,40,0,6
BRDA:386,40,1,0
BRDA:396,41,0,6
BRDA:396,41,1,3
BRDA:402,42,0,0
BRDA:402,42,1,0
BRDA:402,43,0,0
BRDA:402,43,1,0
BRDA:424,44,0,0
BRDA:424,44,1,5
BRF:89
BRH:24
end_of_record
TN:
SF:src\effects\EffectChain.ts
FN:23,(anonymous_0)
FN:32,(anonymous_1)
FN:40,(anonymous_2)
FN:48,(anonymous_3)
FN:57,(anonymous_4)
FN:71,(anonymous_5)
FN:93,(anonymous_6)
FN:94,(anonymous_7)
FN:102,(anonymous_8)
FN:124,(anonymous_9)
FN:142,(anonymous_10)
FN:158,(anonymous_11)
FN:169,(anonymous_12)
FNF:13
FNH:8
FNDA:9,(anonymous_0)
FNDA:0,(anonymous_1)
FNDA:5,(anonymous_2)
FNDA:10,(anonymous_3)
FNDA:1,(anonymous_4)
FNDA:0,(anonymous_5)
FNDA:0,(anonymous_6)
FNDA:0,(anonymous_7)
FNDA:10,(anonymous_8)
FNDA:1,(anonymous_9)
FNDA:0,(anonymous_10)
FNDA:10,(anonymous_11)
FNDA:10,(anonymous_12)
DA:15,9
DA:24,9
DA:25,9
DA:33,0
DA:41,5
DA:49,10
DA:50,10
DA:58,1
DA:59,1
DA:60,1
DA:61,1
DA:62,1
DA:72,0
DA:74,0
DA:78,0
DA:81,0
DA:82,0
DA:83,0
DA:86,0
DA:94,0
DA:95,0
DA:103,10
DA:104,10
DA:106,10
DA:108,9
DA:111,1
DA:114,10
DA:116,10
DA:125,1
DA:126,1
DA:128,1
DA:129,1
DA:131,0
DA:134,1
DA:135,1
DA:143,0
DA:144,0
DA:145,0
DA:148,0
DA:149,0
DA:150,0
DA:152,0
DA:159,10
DA:160,10
DA:161,9
DA:162,9
DA:170,10
DA:171,10
DA:172,9
DA:174,10
LF:50
LH:32
BRDA:59,0,0,1
BRDA:59,0,1,0
BRDA:72,1,0,0
BRDA:72,1,1,0
BRDA:72,2,0,0
BRDA:72,2,1,0
BRDA:72,2,2,0
BRDA:72,2,3,0
BRDA:95,3,0,0
BRDA:95,3,1,0
BRDA:104,4,0,0
BRDA:104,4,1,10
BRDA:106,5,0,9
BRDA:106,5,1,1
BRDA:114,6,0,10
BRDA:114,6,1,0
BRDA:126,7,0,0
BRDA:126,7,1,1
BRDA:128,8,0,1
BRDA:128,8,1,0
BRDA:134,9,0,1
BRDA:134,9,1,0
BRDA:143,10,0,0
BRDA:143,10,1,0
BRF:24
BRH:8
end_of_record
TN:
SF:src\effects\Filter.ts
FN:31,(anonymous_0)
FN:54,(anonymous_1)
FN:72,(anonymous_2)
FN:79,(anonymous_3)
FN:88,(anonymous_4)
FN:101,(anonymous_5)
FN:113,(anonymous_6)
FN:131,(anonymous_7)
FN:143,(anonymous_8)
FN:154,(anonymous_9)
FN:162,(anonymous_10)
FN:173,(anonymous_11)
FN:184,(anonymous_12)
FN:212,(anonymous_13)
FNF:14
FNH:14
FNDA:20,(anonymous_0)
FNDA:20,(anonymous_1)
FNDA:3,(anonymous_2)
FNDA:1,(anonymous_3)
FNDA:12,(anonymous_4)
FNDA:14,(anonymous_5)
FNDA:12,(anonymous_6)
FNDA:9,(anonymous_7)
FNDA:10,(anonymous_8)
FNDA:6,(anonymous_9)
FNDA:12,(anonymous_10)
FNDA:1,(anonymous_11)
FNDA:7,(anonymous_12)
FNDA:20,(anonymous_13)
DA:22,20
DA:23,20
DA:24,20
DA:25,20
DA:32,20
DA:33,20
DA:34,20
DA:35,20
DA:36,20
DA:39,20
DA:40,20
DA:41,20
DA:44,20
DA:45,20
DA:48,20
DA:56,20
DA:57,20
DA:58,20
DA:61,20
DA:62,20
DA:65,20
DA:66,20
DA:73,3
DA:80,1
DA:89,12
DA:90,12
DA:91,1
DA:93,11
DA:102,14
DA:103,14
DA:104,1
DA:106,13
DA:114,12
DA:116,12
DA:118,9
DA:119,9
DA:122,3
DA:123,3
DA:132,9
DA:133,2
DA:135,7
DA:136,7
DA:144,10
DA:145,2
DA:147,8
DA:155,6
DA:163,12
DA:174,1
DA:175,1
DA:176,1
DA:177,1
DA:178,1
DA:185,7
DA:187,1
DA:188,1
DA:192,6
DA:195,6
DA:197,1
DA:200,5
DA:204,6
DA:205,6
DA:206,6
DA:213,20
DA:214,20
DA:215,20
DA:216,20
LF:66
LH:66
BRDA:90,0,0,1
BRDA:90,0,1,11
BRDA:103,1,0,1
BRDA:103,1,1,13
BRDA:116,2,0,9
BRDA:116,2,1,3
BRDA:132,3,0,2
BRDA:132,3,1,7
BRDA:132,4,0,9
BRDA:132,4,1,8
BRDA:144,5,0,2
BRDA:144,5,1,8
BRDA:144,6,0,10
BRDA:144,6,1,9
BRDA:185,7,0,1
BRDA:185,7,1,6
BRDA:195,8,0,1
BRDA:195,8,1,5
BRF:18
BRH:18
end_of_record
TN:
SF:src\effects\GainEffect.ts
FN:16,(anonymous_0)
FN:23,(anonymous_1)
FN:31,(anonymous_2)
FN:39,(anonymous_3)
FN:53,(anonymous_4)
FN:61,(anonymous_5)
FN:69,(anonymous_6)
FNF:7
FNH:7
FNDA:9,(anonymous_0)
FNDA:1,(anonymous_1)
FNDA:2,(anonymous_2)
FNDA:8,(anonymous_3)
FNDA:7,(anonymous_4)
FNDA:2,(anonymous_5)
FNDA:17,(anonymous_6)
DA:13,1
DA:14,9
DA:17,9
DA:18,9
DA:19,9
DA:20,9
DA:24,1
DA:25,1
DA:26,1
DA:27,1
DA:32,2
DA:33,2
DA:34,2
DA:35,2
DA:40,8
DA:41,7
DA:42,1
DA:44,6
DA:45,2
DA:47,4
DA:48,4
DA:49,4
DA:54,7
DA:55,6
DA:56,1
DA:58,5
DA:62,2
DA:63,1
DA:64,1
DA:65,1
DA:70,17
DA:71,17
LF:32
LH:32
BRDA:25,0,0,1
BRDA:25,0,1,0
BRDA:33,1,0,2
BRDA:33,1,1,0
BRDA:41,2,0,1
BRDA:41,2,1,6
BRDA:44,3,0,2
BRDA:44,3,1,4
BRDA:44,4,0,6
BRDA:44,4,1,5
BRDA:48,5,0,4
BRDA:48,5,1,0
BRDA:55,6,0,1
BRDA:55,6,1,5
BRDA:64,7,0,1
BRDA:64,7,1,0
BRDA:70,8,0,17
BRDA:70,8,1,0
BRDA:70,9,0,17
BRDA:70,9,1,17
BRF:20
BRH:15
end_of_record
TN:
SF:src\effects\base\BaseEffect.ts
FN:20,(anonymous_0)
FN:35,(anonymous_1)
FN:41,(anonymous_2)
FN:46,(anonymous_3)
FN:60,(anonymous_4)
FN:68,(anonymous_5)
FN:72,(anonymous_6)
FNF:7
FNH:6
FNDA:46,(anonymous_0)
FNDA:72,(anonymous_1)
FNDA:22,(anonymous_2)
FNDA:23,(anonymous_3)
FNDA:11,(anonymous_4)
FNDA:0,(anonymous_5)
FNDA:46,(anonymous_6)
DA:15,46
DA:16,46
DA:17,46
DA:21,46
DA:22,1
DA:25,45
DA:26,45
DA:27,45
DA:28,45
DA:29,45
DA:31,0
DA:36,72
DA:37,9
DA:42,22
DA:43,21
DA:47,23
DA:48,22
DA:61,11
DA:69,0
DA:73,46
DA:74,4
DA:77,42
DA:78,42
DA:79,42
DA:80,42
DA:81,42
DA:83,0
LF:27
LH:24
BRDA:21,0,0,1
BRDA:21,0,1,45
BRDA:31,1,0,0
BRDA:31,1,1,0
BRDA:36,2,0,9
BRDA:36,2,1,63
BRDA:73,3,0,4
BRDA:73,3,1,42
BRDA:83,4,0,0
BRDA:83,4,1,0
BRF:10
BRH:6
end_of_record
TN:
SF:src\types\audio.ts
FNF:0
FNH:0
LF:0
LH:0
BRF:0
BRH:0
end_of_record
