TN:
SF:src\App.vue
FN:3,(anonymous_0)
FN:24,render
FNF:2
FNH:0
FNDA:0,(anonymous_0)
FNDA:0,render
DA:3,0
DA:4,0
DA:8,0
DA:11,0
DA:12,0
DA:13,0
DA:19,0
DA:20,0
DA:21,0
DA:22,0
DA:23,0
DA:25,0
DA:26,0
DA:30,0
DA:31,0
LF:15
LH:0
BRDA:3,0,0,0
BRDA:3,0,1,0
BRDA:3,0,2,0
BRDA:4,1,0,0
BRDA:4,1,1,0
BRDA:4,2,0,0
BRDA:4,2,1,0
BRF:7
BRH:0
end_of_record
TN:
SF:src\shims-vue.d.ts
FNF:0
FNH:0
LF:0
LH:0
BRF:0
BRH:0
end_of_record
TN:
SF:src\components\AudioPlayer.vue
FN:5,(anonymous_0)
FN:6,adopt
FN:7,(anonymous_2)
FN:11,(anonymous_3)
FN:12,fulfilled
FN:19,rejected
FN:26,step
FN:32,(anonymous_7)
FN:35,(anonymous_8)
FN:50,(anonymous_9)
FN:53,verb
FN:54,(anonymous_11)
FN:58,step
FN:120,(anonymous_13)
FN:140,(anonymous_14)
FN:178,(anonymous_15)
FN:179,(anonymous_16)
FN:188,(anonymous_17)
FN:193,(anonymous_18)
FN:196,(anonymous_19)
FN:199,(anonymous_20)
FN:203,(anonymous_21)
FN:204,(anonymous_22)
FN:206,(anonymous_23)
FN:254,(anonymous_24)
FN:269,(anonymous_25)
FN:273,(anonymous_26)
FN:285,(anonymous_27)
FN:293,(anonymous_28)
FN:301,(anonymous_29)
FN:309,(anonymous_30)
FN:318,(anonymous_31)
FN:327,(anonymous_32)
FN:337,(anonymous_33)
FN:345,(anonymous_34)
FN:355,(anonymous_35)
FN:363,(anonymous_36)
FN:373,(anonymous_37)
FN:381,(anonymous_38)
FN:391,(anonymous_39)
FN:392,(anonymous_40)
FN:401,(anonymous_41)
FN:408,(anonymous_42)
FN:410,(anonymous_43)
FN:419,(anonymous_44)
FN:420,(anonymous_45)
FN:422,(anonymous_46)
FN:446,(anonymous_47)
FN:540,render
FN:568,(anonymous_49)
FN:569,(anonymous_50)
FN:575,(anonymous_51)
FN:576,(anonymous_52)
FN:582,(anonymous_53)
FN:583,(anonymous_54)
FN:603,(anonymous_55)
FN:604,(anonymous_56)
FN:610,(anonymous_57)
FN:611,(anonymous_58)
FN:616,(anonymous_59)
FN:617,(anonymous_60)
FN:623,(anonymous_61)
FN:624,(anonymous_62)
FN:645,(anonymous_63)
FN:657,(anonymous_64)
FN:658,(anonymous_65)
FN:665,(anonymous_66)
FN:666,(anonymous_67)
FN:672,(anonymous_68)
FN:673,(anonymous_69)
FN:680,(anonymous_70)
FN:681,(anonymous_71)
FN:690,(anonymous_72)
FN:706,(anonymous_73)
FN:715,(anonymous_74)
FN:716,(anonymous_75)
FNF:76
FNH:25
FNDA:12,(anonymous_0)
FNDA:78,adopt
FNDA:0,(anonymous_2)
FNDA:12,(anonymous_3)
FNDA:78,fulfilled
FNDA:0,rejected
FNDA:90,step
FNDA:12,(anonymous_7)
FNDA:78,(anonymous_8)
FNDA:0,(anonymous_9)
FNDA:36,verb
FNDA:90,(anonymous_11)
FNDA:90,step
FNDA:3,(anonymous_13)
FNDA:6,(anonymous_14)
FNDA:6,(anonymous_15)
FNDA:24,(anonymous_16)
FNDA:0,(anonymous_17)
FNDA:0,(anonymous_18)
FNDA:0,(anonymous_19)
FNDA:0,(anonymous_20)
FNDA:6,(anonymous_21)
FNDA:6,(anonymous_22)
FNDA:108,(anonymous_23)
FNDA:0,(anonymous_24)
FNDA:0,(anonymous_25)
FNDA:0,(anonymous_26)
FNDA:0,(anonymous_27)
FNDA:0,(anonymous_28)
FNDA:0,(anonymous_29)
FNDA:0,(anonymous_30)
FNDA:0,(anonymous_31)
FNDA:0,(anonymous_32)
FNDA:0,(anonymous_33)
FNDA:0,(anonymous_34)
FNDA:0,(anonymous_35)
FNDA:0,(anonymous_36)
FNDA:0,(anonymous_37)
FNDA:0,(anonymous_38)
FNDA:0,(anonymous_39)
FNDA:0,(anonymous_40)
FNDA:6,(anonymous_41)
FNDA:6,(anonymous_42)
FNDA:0,(anonymous_43)
FNDA:6,(anonymous_44)
FNDA:6,(anonymous_45)
FNDA:18,(anonymous_46)
FNDA:6,(anonymous_47)
FNDA:32,render
FNDA:0,(anonymous_49)
FNDA:0,(anonymous_50)
FNDA:0,(anonymous_51)
FNDA:0,(anonymous_52)
FNDA:0,(anonymous_53)
FNDA:0,(anonymous_54)
FNDA:0,(anonymous_55)
FNDA:0,(anonymous_56)
FNDA:0,(anonymous_57)
FNDA:0,(anonymous_58)
FNDA:0,(anonymous_59)
FNDA:0,(anonymous_60)
FNDA:0,(anonymous_61)
FNDA:0,(anonymous_62)
FNDA:2,(anonymous_63)
FNDA:0,(anonymous_64)
FNDA:0,(anonymous_65)
FNDA:0,(anonymous_66)
FNDA:0,(anonymous_67)
FNDA:0,(anonymous_68)
FNDA:0,(anonymous_69)
FNDA:0,(anonymous_70)
FNDA:0,(anonymous_71)
FNDA:0,(anonymous_72)
FNDA:0,(anonymous_73)
FNDA:0,(anonymous_74)
FNDA:0,(anonymous_75)
DA:5,1
DA:7,78
DA:8,0
DA:11,12
DA:13,78
DA:14,78
DA:16,0
DA:20,0
DA:21,0
DA:23,0
DA:27,90
DA:29,12
DA:32,1
DA:33,12
DA:36,78
DA:37,78
DA:46,12
DA:51,0
DA:54,36
DA:55,90
DA:59,90
DA:60,228
DA:61,228
DA:62,228
DA:63,228
DA:66,90
DA:67,90
DA:69,78
DA:70,78
DA:75,0
DA:76,0
DA:77,0
DA:78,0
DA:80,0
DA:81,0
DA:82,0
DA:84,60
DA:85,12
DA:86,12
DA:88,48
DA:89,36
DA:90,36
DA:92,12
DA:93,0
DA:94,0
DA:95,0
DA:97,12
DA:98,0
DA:99,0
DA:100,0
DA:102,12
DA:103,12
DA:104,12
DA:106,126
DA:108,0
DA:109,0
DA:111,228
DA:113,12
DA:114,12
DA:120,1
DA:121,3
DA:125,1
DA:128,1
DA:129,1
DA:130,1
DA:131,1
DA:132,1
DA:133,1
DA:141,6
DA:143,6
DA:145,6
DA:146,6
DA:147,6
DA:148,6
DA:153,6
DA:154,6
DA:158,6
DA:163,6
DA:164,6
DA:169,6
DA:175,6
DA:176,6
DA:178,6
DA:179,6
DA:180,24
DA:181,24
DA:182,24
DA:183,0
DA:184,0
DA:188,6
DA:189,0
DA:190,0
DA:191,0
DA:193,6
DA:194,0
DA:196,6
DA:197,0
DA:199,6
DA:200,0
DA:203,6
DA:204,6
DA:206,6
DA:207,108
DA:209,6
DA:210,6
DA:211,6
DA:212,6
DA:214,24
DA:215,18
DA:216,18
DA:218,18
DA:219,18
DA:220,0
DA:222,18
DA:224,18
DA:225,18
DA:226,18
DA:228,18
DA:229,18
DA:233,18
DA:235,18
DA:237,18
DA:239,18
DA:240,12
DA:243,18
DA:244,18
DA:246,18
DA:247,18
DA:250,6
DA:252,6
DA:254,6
DA:255,0
DA:257,6
DA:259,0
DA:260,0
DA:261,0
DA:263,6
DA:269,6
DA:270,0
DA:271,0
DA:273,6
DA:274,0
DA:275,0
DA:276,0
DA:278,0
DA:279,0
DA:280,0
DA:283,0
DA:285,0
DA:286,0
DA:289,0
DA:290,0
DA:293,6
DA:294,0
DA:295,0
DA:296,0
DA:301,6
DA:302,0
DA:303,0
DA:304,0
DA:306,0
DA:309,6
DA:310,0
DA:311,0
DA:312,0
DA:314,0
DA:318,6
DA:319,0
DA:320,0
DA:321,0
DA:322,0
DA:324,0
DA:327,6
DA:328,0
DA:329,0
DA:330,0
DA:331,0
DA:333,0
DA:337,6
DA:338,0
DA:339,0
DA:340,0
DA:342,0
DA:345,6
DA:346,0
DA:347,0
DA:348,0
DA:349,0
DA:351,0
DA:355,6
DA:356,0
DA:357,0
DA:358,0
DA:360,0
DA:363,6
DA:364,0
DA:365,0
DA:366,0
DA:367,0
DA:369,0
DA:373,6
DA:374,0
DA:375,0
DA:376,0
DA:378,0
DA:381,6
DA:382,0
DA:383,0
DA:384,0
DA:385,0
DA:387,0
DA:391,6
DA:392,0
DA:393,0
DA:394,0
DA:395,0
DA:396,0
DA:397,0
DA:401,6
DA:402,6
DA:403,0
DA:404,0
DA:408,6
DA:409,6
DA:411,0
DA:412,0
DA:414,0
DA:415,0
DA:419,6
DA:420,6
DA:422,6
DA:423,18
DA:425,6
DA:427,6
DA:432,6
DA:434,6
DA:435,6
DA:437,0
DA:438,0
DA:439,0
DA:441,6
DA:446,6
DA:448,6
DA:450,6
DA:452,6
DA:454,6
DA:459,6
DA:464,6
DA:468,6
DA:474,6
DA:479,6
DA:480,6
DA:481,6
DA:482,6
DA:483,6
DA:485,6
DA:516,1
DA:517,1
DA:518,1
DA:519,1
DA:520,1
DA:524,1
DA:528,1
DA:529,1
DA:530,1
DA:531,1
DA:532,1
DA:533,1
DA:534,1
DA:535,1
DA:536,1
DA:537,1
DA:538,1
DA:539,1
DA:541,32
DA:542,32
DA:543,32
DA:544,32
DA:568,0
DA:569,0
DA:575,0
DA:576,0
DA:582,0
DA:583,0
DA:603,0
DA:604,0
DA:610,0
DA:611,0
DA:616,0
DA:617,0
DA:623,0
DA:624,0
DA:645,2
DA:657,0
DA:658,0
DA:665,0
DA:666,0
DA:672,0
DA:673,0
DA:680,0
DA:681,0
DA:691,0
DA:692,0
DA:693,0
DA:695,0
DA:706,0
DA:715,0
DA:716,0
DA:726,1
DA:727,1
LF:310
LH:171
BRDA:5,0,0,1
BRDA:5,0,1,1
BRDA:5,0,2,1
BRDA:7,1,0,78
BRDA:7,1,1,0
BRDA:11,2,0,12
BRDA:11,2,1,6
BRDA:27,3,0,12
BRDA:27,3,1,78
BRDA:29,4,0,12
BRDA:29,4,1,12
BRDA:32,5,0,1
BRDA:32,5,1,1
BRDA:32,5,2,1
BRDA:36,6,0,0
BRDA:36,6,1,78
BRDA:50,7,0,12
BRDA:50,7,1,12
BRDA:59,8,0,0
BRDA:59,8,1,90
BRDA:60,9,0,240
BRDA:60,9,1,12
BRDA:60,10,0,12
BRDA:60,10,1,0
BRDA:61,11,0,0
BRDA:61,11,1,228
BRDA:61,12,0,228
BRDA:61,12,1,0
BRDA:61,12,2,0
BRDA:61,13,0,0
BRDA:61,13,1,0
BRDA:61,14,0,0
BRDA:61,14,1,0
BRDA:61,15,0,0
BRDA:61,15,1,0
BRDA:61,16,0,0
BRDA:61,16,1,0
BRDA:62,17,0,0
BRDA:62,17,1,228
BRDA:63,18,0,90
BRDA:63,18,1,90
BRDA:63,18,2,78
BRDA:63,18,3,0
BRDA:63,18,4,0
BRDA:63,18,5,60
BRDA:84,19,0,12
BRDA:84,19,1,48
BRDA:84,20,0,60
BRDA:84,20,1,24
BRDA:84,20,2,24
BRDA:84,21,0,60
BRDA:84,21,1,36
BRDA:88,22,0,36
BRDA:88,22,1,12
BRDA:88,23,0,48
BRDA:88,23,1,48
BRDA:88,23,2,36
BRDA:88,23,3,36
BRDA:92,24,0,0
BRDA:92,24,1,12
BRDA:92,25,0,12
BRDA:92,25,1,0
BRDA:97,26,0,0
BRDA:97,26,1,12
BRDA:97,27,0,12
BRDA:97,27,1,12
BRDA:102,28,0,0
BRDA:102,28,1,12
BRDA:113,29,0,0
BRDA:113,29,1,12
BRDA:115,30,0,12
BRDA:115,30,1,0
BRDA:120,31,0,1
BRDA:120,31,1,1
BRDA:120,31,2,1
BRDA:121,32,0,2
BRDA:121,32,1,1
BRDA:121,33,0,3
BRDA:121,33,1,3
BRDA:182,34,0,24
BRDA:182,34,1,0
BRDA:183,35,0,0
BRDA:183,35,1,0
BRDA:207,36,0,6
BRDA:207,36,1,24
BRDA:207,36,2,18
BRDA:207,36,3,18
BRDA:207,36,4,18
BRDA:207,36,5,18
BRDA:207,36,6,18
BRDA:207,36,7,6
BRDA:207,36,8,0
BRDA:207,36,9,6
BRDA:214,37,0,6
BRDA:214,37,1,18
BRDA:219,38,0,0
BRDA:219,38,1,18
BRDA:239,39,0,12
BRDA:239,39,1,6
BRDA:239,40,0,18
BRDA:239,40,1,12
BRDA:279,41,0,0
BRDA:279,41,1,0
BRDA:294,42,0,0
BRDA:294,42,1,0
BRDA:393,43,0,0
BRDA:393,43,1,0
BRDA:396,44,0,0
BRDA:396,44,1,0
BRDA:402,45,0,0
BRDA:402,45,1,6
BRDA:411,46,0,0
BRDA:411,46,1,0
BRDA:423,47,0,6
BRDA:423,47,1,6
BRDA:423,47,2,0
BRDA:423,47,3,6
BRDA:545,48,0,32
BRDA:545,48,1,6
BRDA:546,49,0,0
BRDA:546,49,1,32
BRDA:549,50,0,26
BRDA:549,50,1,6
BRDA:554,51,0,32
BRDA:554,51,1,6
BRDA:555,52,0,20
BRDA:555,52,1,12
BRDA:568,53,0,32
BRDA:568,53,1,6
BRDA:569,54,0,32
BRDA:569,54,1,6
BRDA:575,55,0,32
BRDA:575,55,1,6
BRDA:576,56,0,32
BRDA:576,56,1,6
BRDA:582,57,0,32
BRDA:582,57,1,6
BRDA:583,58,0,32
BRDA:583,58,1,6
BRDA:589,59,0,32
BRDA:589,59,1,6
BRDA:590,60,0,14
BRDA:590,60,1,18
BRDA:603,61,0,32
BRDA:603,61,1,6
BRDA:604,62,0,32
BRDA:604,62,1,6
BRDA:610,63,0,32
BRDA:610,63,1,6
BRDA:611,64,0,32
BRDA:611,64,1,6
BRDA:616,65,0,32
BRDA:616,65,1,6
BRDA:617,66,0,32
BRDA:617,66,1,6
BRDA:623,67,0,32
BRDA:623,67,1,6
BRDA:624,68,0,32
BRDA:624,68,1,6
BRDA:630,69,0,32
BRDA:630,69,1,6
BRDA:631,70,0,8
BRDA:631,70,1,24
BRDA:645,71,0,32
BRDA:645,71,1,6
BRDA:649,72,0,32
BRDA:649,72,1,6
BRDA:651,73,0,32
BRDA:651,73,1,6
BRDA:657,74,0,32
BRDA:657,74,1,6
BRDA:658,75,0,32
BRDA:658,75,1,6
BRDA:665,76,0,32
BRDA:665,76,1,6
BRDA:666,77,0,32
BRDA:666,77,1,6
BRDA:672,78,0,32
BRDA:672,78,1,6
BRDA:673,79,0,32
BRDA:673,79,1,6
BRDA:680,80,0,32
BRDA:680,80,1,6
BRDA:681,81,0,32
BRDA:681,81,1,6
BRDA:688,82,0,32
BRDA:688,82,1,6
BRDA:695,83,0,0
BRDA:695,83,1,0
BRDA:697,84,0,32
BRDA:697,84,1,32
BRDA:706,85,0,32
BRDA:706,85,1,6
BRDA:715,86,0,32
BRDA:715,86,1,6
BRDA:716,87,0,32
BRDA:716,87,1,6
BRF:197
BRH:153
end_of_record
TN:
SF:src\components\Knob.vue
FN:52,(anonymous_0)
FN:58,(anonymous_1)
FN:61,(anonymous_2)
FN:65,(anonymous_3)
FN:76,(anonymous_4)
FN:88,(anonymous_5)
FN:96,(anonymous_6)
FN:101,(anonymous_7)
FN:104,(anonymous_8)
FN:113,(anonymous_9)
FN:134,render
FN:142,(anonymous_11)
FN:151,(anonymous_12)
FN:160,(anonymous_13)
FN:169,(anonymous_14)
FN:178,(anonymous_15)
FNF:16
FNH:12
FNDA:87,(anonymous_0)
FNDA:88,(anonymous_1)
FNDA:2,(anonymous_2)
FNDA:2,(anonymous_3)
FNDA:1,(anonymous_4)
FNDA:1,(anonymous_5)
FNDA:0,(anonymous_6)
FNDA:0,(anonymous_7)
FNDA:0,(anonymous_8)
FNDA:87,(anonymous_9)
FNDA:98,render
FNDA:2,(anonymous_11)
FNDA:2,(anonymous_12)
FNDA:1,(anonymous_13)
FNDA:1,(anonymous_14)
FNDA:0,(anonymous_15)
DA:3,2
DA:6,2
DA:7,2
DA:53,87
DA:54,87
DA:55,87
DA:56,87
DA:57,87
DA:58,87
DA:59,88
DA:61,87
DA:62,2
DA:63,1
DA:65,87
DA:66,2
DA:67,1
DA:68,1
DA:69,1
DA:70,1
DA:71,1
DA:72,1
DA:73,1
DA:74,1
DA:76,87
DA:77,1
DA:78,1
DA:79,1
DA:80,1
DA:81,1
DA:82,1
DA:83,1
DA:84,1
DA:85,1
DA:86,1
DA:88,87
DA:89,1
DA:90,1
DA:91,1
DA:92,1
DA:93,1
DA:96,87
DA:97,0
DA:98,0
DA:101,87
DA:102,0
DA:104,87
DA:105,0
DA:106,0
DA:107,0
DA:108,0
DA:109,0
DA:110,0
DA:111,0
DA:113,87
DA:114,87
DA:115,87
DA:117,87
DA:127,2
DA:128,2
DA:129,2
DA:130,2
DA:131,2
DA:132,2
DA:133,2
DA:135,98
DA:143,2
DA:144,2
DA:145,2
DA:147,2
DA:152,2
DA:153,2
DA:154,2
DA:156,2
DA:161,1
DA:162,1
DA:163,1
DA:165,1
DA:170,1
DA:171,1
DA:172,1
DA:174,1
DA:179,0
DA:180,0
DA:181,0
DA:183,0
DA:197,2
DA:198,2
LF:87
LH:73
BRDA:62,0,0,1
BRDA:62,0,1,1
BRDA:66,1,0,1
BRDA:66,1,1,1
BRDA:77,2,0,0
BRDA:77,2,1,1
BRDA:89,3,0,1
BRDA:89,3,1,0
BRDA:97,4,0,0
BRDA:97,4,1,0
BRDA:105,5,0,0
BRDA:105,5,1,0
BRDA:140,6,0,98
BRDA:140,6,1,87
BRDA:147,7,0,2
BRDA:147,7,1,2
BRDA:149,8,0,98
BRDA:149,8,1,87
BRDA:156,9,0,2
BRDA:156,9,1,2
BRDA:158,10,0,98
BRDA:158,10,1,87
BRDA:165,11,0,1
BRDA:165,11,1,1
BRDA:167,12,0,98
BRDA:167,12,1,87
BRDA:174,13,0,1
BRDA:174,13,1,1
BRDA:176,14,0,98
BRDA:176,14,1,87
BRDA:183,15,0,0
BRDA:183,15,1,0
BRF:32
BRH:24
end_of_record
TN:
SF:src\components\VolumeMeter.vue
FN:27,render
FNF:1
FNH:1
FNDA:16,render
DA:3,2
DA:6,2
DA:7,2
DA:21,2
DA:22,2
DA:23,2
DA:24,2
DA:25,2
DA:26,2
DA:28,16
DA:42,2
DA:43,2
LF:12
LH:12
BRDA:37,0,0,16
BRDA:37,0,1,11
BRDA:39,1,0,16
BRDA:39,1,1,11
BRF:4
BRH:4
end_of_record
TN:
SF:src\components\WaveformDisplay.vue
FN:3,(anonymous_0)
FN:22,(anonymous_1)
FN:28,(anonymous_2)
FN:52,(anonymous_3)
FN:55,(anonymous_4)
FN:60,(anonymous_5)
FN:66,(anonymous_6)
FN:71,(anonymous_7)
FN:81,(anonymous_8)
FN:109,render
FNF:10
FNH:0
FNDA:0,(anonymous_0)
FNDA:0,(anonymous_1)
FNDA:0,(anonymous_2)
FNDA:0,(anonymous_3)
FNDA:0,(anonymous_4)
FNDA:0,(anonymous_5)
FNDA:0,(anonymous_6)
FNDA:0,(anonymous_7)
FNDA:0,(anonymous_8)
FNDA:0,render
DA:3,0
DA:4,0
DA:8,0
DA:11,0
DA:12,0
DA:13,0
DA:23,0
DA:24,0
DA:25,0
DA:26,0
DA:27,0
DA:28,0
DA:29,0
DA:30,0
DA:31,0
DA:33,0
DA:52,0
DA:53,0
DA:55,0
DA:56,0
DA:57,0
DA:58,0
DA:60,0
DA:61,0
DA:62,0
DA:63,0
DA:66,0
DA:67,0
DA:68,0
DA:69,0
DA:71,0
DA:72,0
DA:73,0
DA:74,0
DA:75,0
DA:78,0
DA:81,0
DA:82,0
DA:83,0
DA:86,0
DA:93,0
DA:94,0
DA:95,0
DA:96,0
DA:97,0
DA:101,0
DA:105,0
DA:110,0
DA:120,0
DA:121,0
LF:50
LH:0
BRDA:3,0,0,0
BRDA:3,0,1,0
BRDA:3,0,2,0
BRDA:4,1,0,0
BRDA:4,1,1,0
BRDA:4,2,0,0
BRDA:4,2,1,0
BRDA:29,3,0,0
BRDA:29,3,1,0
BRDA:53,4,0,0
BRDA:53,4,1,0
BRDA:74,5,0,0
BRDA:74,5,1,0
BRDA:82,6,0,0
BRDA:82,6,1,0
BRDA:111,7,0,0
BRDA:111,7,1,0
BRDA:114,8,0,0
BRDA:114,8,1,0
BRF:19
BRH:0
end_of_record
TN:
SF:src\core\AudioEngine.ts
FN:59,(anonymous_0)
FN:80,(anonymous_1)
FN:94,(anonymous_2)
FN:106,(anonymous_3)
FN:154,(anonymous_4)
FN:168,(anonymous_5)
FN:184,(anonymous_6)
FN:223,(anonymous_7)
FN:230,(anonymous_8)
FN:242,(anonymous_9)
FN:260,(anonymous_10)
FN:286,(anonymous_11)
FN:295,(anonymous_12)
FN:307,(anonymous_13)
FN:335,(anonymous_14)
FN:356,(anonymous_15)
FN:367,(anonymous_16)
FN:377,(anonymous_17)
FN:378,(anonymous_18)
FN:395,(anonymous_19)
FN:408,(anonymous_20)
FN:426,(anonymous_21)
FN:447,(anonymous_22)
FN:465,(anonymous_23)
FN:480,(anonymous_24)
FN:512,(anonymous_25)
FN:530,(anonymous_26)
FN:549,(anonymous_27)
FN:562,(anonymous_28)
FN:575,(anonymous_29)
FN:587,(anonymous_30)
FN:604,(anonymous_31)
FN:617,(anonymous_32)
FN:622,(anonymous_33)
FNF:34
FNH:25
FNDA:38,(anonymous_0)
FNDA:4,(anonymous_1)
FNDA:0,(anonymous_2)
FNDA:71,(anonymous_3)
FNDA:38,(anonymous_4)
FNDA:38,(anonymous_5)
FNDA:38,(anonymous_6)
FNDA:41,(anonymous_7)
FNDA:152,(anonymous_8)
FNDA:61,(anonymous_9)
FNDA:62,(anonymous_10)
FNDA:1,(anonymous_11)
FNDA:4,(anonymous_12)
FNDA:8,(anonymous_13)
FNDA:0,(anonymous_14)
FNDA:1,(anonymous_15)
FNDA:1,(anonymous_16)
FNDA:4,(anonymous_17)
FNDA:0,(anonymous_18)
FNDA:6,(anonymous_19)
FNDA:10,(anonymous_20)
FNDA:18,(anonymous_21)
FNDA:18,(anonymous_22)
FNDA:3,(anonymous_23)
FNDA:27,(anonymous_24)
FNDA:12,(anonymous_25)
FNDA:27,(anonymous_26)
FNDA:3,(anonymous_27)
FNDA:0,(anonymous_28)
FNDA:0,(anonymous_29)
FNDA:0,(anonymous_30)
FNDA:0,(anonymous_31)
FNDA:0,(anonymous_32)
FNDA:0,(anonymous_33)
DA:24,2
DA:25,2
DA:26,2
DA:27,2
DA:28,2
DA:29,2
DA:30,2
DA:35,38
DA:36,38
DA:37,38
DA:38,38
DA:39,38
DA:42,38
DA:43,38
DA:44,38
DA:45,38
DA:46,38
DA:47,38
DA:50,38
DA:60,38
DA:61,38
DA:62,38
DA:63,38
DA:66,38
DA:69,38
DA:71,0
DA:81,4
DA:82,1
DA:84,3
DA:95,0
DA:96,0
DA:98,0
DA:107,71
DA:108,0
DA:111,71
DA:112,71
DA:113,71
DA:114,1
DA:119,70
DA:120,35
DA:121,35
DA:122,18
DA:123,17
DA:124,17
DA:126,0
DA:127,0
DA:130,70
DA:131,0
DA:133,70
DA:134,0
DA:138,70
DA:139,70
DA:142,70
DA:143,70
DA:146,1
DA:155,38
DA:156,38
DA:158,38
DA:160,0
DA:169,38
DA:170,0
DA:172,38
DA:173,38
DA:174,38
DA:176,0
DA:185,38
DA:186,0
DA:189,38
DA:191,38
DA:192,38
DA:193,38
DA:196,38
DA:197,38
DA:198,38
DA:201,38
DA:202,38
DA:203,38
DA:206,38
DA:207,38
DA:208,38
DA:211,38
DA:213,0
DA:225,41
DA:226,3
DA:230,38
DA:231,152
DA:232,152
DA:235,38
DA:238,38
DA:241,38
DA:242,61
DA:245,38
DA:246,38
DA:250,38
DA:261,62
DA:262,0
DA:264,62
DA:265,62
DA:266,62
DA:269,62
DA:270,62
DA:273,62
DA:275,0
DA:287,1
DA:296,4
DA:297,0
DA:301,4
DA:304,4
DA:307,4
DA:308,8
DA:309,8
DA:310,1
DA:314,7
DA:315,7
DA:316,7
DA:319,7
DA:320,7
DA:321,0
DA:325,7
DA:326,7
DA:328,7
DA:331,7
DA:332,7
DA:335,7
DA:336,0
DA:337,0
DA:338,0
DA:343,7
DA:344,7
DA:345,7
DA:349,3
DA:357,1
DA:358,0
DA:360,1
DA:368,1
DA:369,0
DA:371,1
DA:378,4
DA:379,0
DA:380,0
DA:381,0
DA:386,4
DA:387,4
DA:388,4
DA:396,6
DA:409,10
DA:410,1
DA:412,9
DA:413,2
DA:415,7
DA:427,18
DA:428,0
DA:430,18
DA:431,0
DA:433,18
DA:434,18
DA:435,18
DA:448,18
DA:449,0
DA:451,18
DA:452,2
DA:455,16
DA:456,16
DA:466,3
DA:467,0
DA:469,3
DA:481,27
DA:482,0
DA:484,27
DA:485,1
DA:487,26
DA:488,2
DA:492,24
DA:494,2
DA:495,22
DA:497,2
DA:500,20
DA:503,24
DA:513,12
DA:514,0
DA:516,12
DA:517,0
DA:519,12
DA:531,27
DA:532,0
DA:535,27
DA:536,27
DA:538,1
DA:550,3
DA:551,1
DA:553,2
DA:563,0
DA:564,0
DA:566,0
DA:567,0
DA:576,0
DA:577,0
DA:579,0
DA:580,0
DA:584,0
DA:585,0
DA:587,0
DA:588,0
DA:589,0
DA:590,0
DA:591,0
DA:595,0
DA:605,0
DA:606,0
DA:608,0
DA:609,0
DA:618,0
DA:619,0
DA:621,0
DA:622,0
DA:623,0
DA:624,0
DA:627,0
LF:218
LH:157
BRDA:81,0,0,1
BRDA:81,0,1,3
BRDA:95,1,0,0
BRDA:95,1,1,0
BRDA:107,2,0,0
BRDA:107,2,1,71
BRDA:113,3,0,1
BRDA:113,3,1,70
BRDA:119,4,0,35
BRDA:119,4,1,35
BRDA:121,5,0,18
BRDA:121,5,1,17
BRDA:123,6,0,17
BRDA:123,6,1,0
BRDA:130,7,0,0
BRDA:130,7,1,70
BRDA:133,8,0,0
BRDA:133,8,1,70
BRDA:169,9,0,0
BRDA:169,9,1,38
BRDA:185,10,0,0
BRDA:185,10,1,38
BRDA:225,11,0,3
BRDA:225,11,1,38
BRDA:231,12,0,152
BRDA:231,12,1,0
BRDA:231,13,0,152
BRDA:231,13,1,152
BRDA:245,14,0,38
BRDA:245,14,1,0
BRDA:261,15,0,0
BRDA:261,15,1,62
BRDA:275,16,0,0
BRDA:275,16,1,0
BRDA:296,17,0,0
BRDA:296,17,1,4
BRDA:309,18,0,1
BRDA:309,18,1,7
BRDA:320,19,0,0
BRDA:320,19,1,7
BRDA:331,20,0,7
BRDA:331,20,1,7
BRDA:337,21,0,0
BRDA:337,21,1,0
BRDA:337,22,0,0
BRDA:337,22,1,0
BRDA:357,23,0,0
BRDA:357,23,1,1
BRDA:368,24,0,0
BRDA:368,24,1,1
BRDA:409,25,0,1
BRDA:409,25,1,9
BRDA:412,26,0,2
BRDA:412,26,1,7
BRDA:412,27,0,9
BRDA:412,27,1,8
BRDA:427,28,0,0
BRDA:427,28,1,18
BRDA:430,29,0,0
BRDA:430,29,1,18
BRDA:430,30,0,18
BRDA:430,30,1,18
BRDA:434,31,0,18
BRDA:434,31,1,0
BRDA:448,32,0,0
BRDA:448,32,1,18
BRDA:451,33,0,2
BRDA:451,33,1,16
BRDA:451,34,0,18
BRDA:451,34,1,17
BRDA:466,35,0,0
BRDA:466,35,1,3
BRDA:469,36,0,3
BRDA:469,36,1,1
BRDA:481,37,0,0
BRDA:481,37,1,27
BRDA:484,38,0,1
BRDA:484,38,1,26
BRDA:487,39,0,2
BRDA:487,39,1,24
BRDA:487,40,0,26
BRDA:487,40,1,25
BRDA:492,41,0,2
BRDA:492,41,1,22
BRDA:495,42,0,2
BRDA:495,42,1,20
BRDA:513,43,0,0
BRDA:513,43,1,12
BRDA:516,44,0,0
BRDA:516,44,1,12
BRDA:519,45,0,12
BRDA:519,45,1,7
BRDA:531,46,0,0
BRDA:531,46,1,27
BRDA:550,47,0,1
BRDA:550,47,1,2
BRDA:563,48,0,0
BRDA:563,48,1,0
BRDA:567,49,0,0
BRDA:567,49,1,0
BRDA:576,50,0,0
BRDA:576,50,1,0
BRDA:579,51,0,0
BRDA:579,51,1,0
BRDA:588,52,0,0
BRDA:588,52,1,0
BRDA:590,53,0,0
BRDA:590,53,1,0
BRDA:605,54,0,0
BRDA:605,54,1,0
BRDA:609,55,0,0
BRDA:609,55,1,0
BRDA:618,56,0,0
BRDA:618,56,1,0
BRDA:623,57,0,0
BRDA:623,57,1,0
BRF:116
BRH:66
end_of_record
TN:
SF:src\core\EffectsManager.ts
FN:51,(anonymous_0)
FN:61,(anonymous_1)
FN:64,(anonymous_2)
FN:69,(anonymous_3)
FN:91,(anonymous_4)
FN:124,(anonymous_5)
FN:147,(anonymous_6)
FN:154,(anonymous_7)
FN:155,(anonymous_8)
FN:156,(anonymous_9)
FNF:10
FNH:10
FNDA:46,(anonymous_0)
FNDA:46,(anonymous_1)
FNDA:184,(anonymous_2)
FNDA:736,(anonymous_3)
FNDA:45,(anonymous_4)
FNDA:170,(anonymous_5)
FNDA:215,(anonymous_6)
FNDA:47,(anonymous_7)
FNDA:184,(anonymous_8)
FNDA:736,(anonymous_9)
DA:36,46
DA:52,46
DA:53,46
DA:54,46
DA:62,46
DA:64,46
DA:65,184
DA:66,184
DA:69,184
DA:71,736
DA:72,736
DA:73,736
DA:76,184
DA:77,184
DA:80,0
DA:92,45
DA:93,2
DA:96,43
DA:97,43
DA:98,0
DA:101,43
DA:102,43
DA:103,1
DA:106,42
DA:107,42
DA:108,42
DA:109,42
DA:110,42
DA:113,0
DA:125,170
DA:126,1
DA:129,169
DA:130,169
DA:131,0
DA:134,169
DA:135,169
DA:136,1
DA:139,168
DA:148,215
DA:155,47
DA:156,184
DA:157,736
DA:158,736
DA:162,47
DA:163,47
LF:45
LH:41
BRDA:92,0,0,2
BRDA:92,0,1,43
BRDA:97,1,0,0
BRDA:97,1,1,43
BRDA:102,2,0,1
BRDA:102,2,1,42
BRDA:109,3,0,42
BRDA:109,3,1,0
BRDA:125,4,0,1
BRDA:125,4,1,169
BRDA:130,5,0,0
BRDA:130,5,1,169
BRDA:135,6,0,1
BRDA:135,6,1,168
BRDA:157,7,0,736
BRDA:157,7,1,0
BRDA:157,8,0,736
BRDA:157,8,1,736
BRF:18
BRH:14
end_of_record
TN:
SF:src\effects\EffectChain.ts
FN:23,(anonymous_0)
FN:32,(anonymous_1)
FN:40,(anonymous_2)
FN:48,(anonymous_3)
FN:57,(anonymous_4)
FN:71,(anonymous_5)
FN:93,(anonymous_6)
FN:94,(anonymous_7)
FN:102,(anonymous_8)
FN:124,(anonymous_9)
FN:142,(anonymous_10)
FN:158,(anonymous_11)
FN:169,(anonymous_12)
FNF:13
FNH:9
FNDA:156,(anonymous_0)
FNDA:140,(anonymous_1)
FNDA:178,(anonymous_2)
FNDA:157,(anonymous_3)
FNDA:1,(anonymous_4)
FNDA:0,(anonymous_5)
FNDA:0,(anonymous_6)
FNDA:0,(anonymous_7)
FNDA:157,(anonymous_8)
FNDA:1,(anonymous_9)
FNDA:0,(anonymous_10)
FNDA:157,(anonymous_11)
FNDA:157,(anonymous_12)
DA:15,156
DA:24,156
DA:25,156
DA:33,140
DA:41,178
DA:49,157
DA:50,157
DA:58,1
DA:59,1
DA:60,1
DA:61,1
DA:62,1
DA:72,0
DA:74,0
DA:78,0
DA:81,0
DA:82,0
DA:83,0
DA:86,0
DA:94,0
DA:95,0
DA:103,157
DA:104,157
DA:106,157
DA:108,156
DA:111,1
DA:114,157
DA:116,157
DA:125,1
DA:126,1
DA:128,1
DA:129,1
DA:131,0
DA:134,1
DA:135,1
DA:143,0
DA:144,0
DA:145,0
DA:148,0
DA:149,0
DA:150,0
DA:152,0
DA:159,157
DA:160,157
DA:161,156
DA:162,156
DA:170,157
DA:171,157
DA:172,156
DA:174,157
LF:50
LH:33
BRDA:59,0,0,1
BRDA:59,0,1,0
BRDA:72,1,0,0
BRDA:72,1,1,0
BRDA:72,2,0,0
BRDA:72,2,1,0
BRDA:72,2,2,0
BRDA:72,2,3,0
BRDA:95,3,0,0
BRDA:95,3,1,0
BRDA:104,4,0,0
BRDA:104,4,1,157
BRDA:106,5,0,156
BRDA:106,5,1,1
BRDA:114,6,0,157
BRDA:114,6,1,0
BRDA:126,7,0,0
BRDA:126,7,1,1
BRDA:128,8,0,1
BRDA:128,8,1,0
BRDA:134,9,0,1
BRDA:134,9,1,0
BRDA:143,10,0,0
BRDA:143,10,1,0
BRF:24
BRH:8
end_of_record
TN:
SF:src\effects\Filter.ts
FN:32,(anonymous_0)
FN:40,(anonymous_1)
FN:63,(anonymous_2)
FN:81,(anonymous_3)
FN:91,(anonymous_4)
FN:103,(anonymous_5)
FN:117,(anonymous_6)
FN:130,(anonymous_7)
FN:148,(anonymous_8)
FN:188,(anonymous_9)
FN:199,(anonymous_10)
FN:207,(anonymous_11)
FN:218,(anonymous_12)
FN:229,(anonymous_13)
FN:236,(anonymous_14)
FNF:15
FNH:13
FNDA:0,(anonymous_0)
FNDA:107,(anonymous_1)
FNDA:107,(anonymous_2)
FNDA:1,(anonymous_3)
FNDA:0,(anonymous_4)
FNDA:11,(anonymous_5)
FNDA:13,(anonymous_6)
FNDA:32,(anonymous_7)
FNDA:33,(anonymous_8)
FNDA:7,(anonymous_9)
FNDA:6,(anonymous_10)
FNDA:11,(anonymous_11)
FNDA:1,(anonymous_12)
FNDA:120,(anonymous_13)
FNDA:24,(anonymous_14)
DA:23,107
DA:24,107
DA:25,107
DA:26,107
DA:33,0
DA:41,107
DA:42,107
DA:43,107
DA:44,107
DA:45,107
DA:48,107
DA:49,107
DA:50,107
DA:53,107
DA:54,107
DA:57,107
DA:65,107
DA:66,107
DA:67,107
DA:70,107
DA:71,107
DA:74,107
DA:75,107
DA:82,1
DA:83,1
DA:84,1
DA:85,1
DA:92,0
DA:93,0
DA:94,0
DA:95,0
DA:104,11
DA:105,11
DA:106,11
DA:107,1
DA:109,10
DA:118,13
DA:119,13
DA:120,13
DA:121,1
DA:123,12
DA:131,32
DA:133,32
DA:135,6
DA:136,6
DA:139,26
DA:140,26
DA:149,33
DA:150,2
DA:152,31
DA:154,31
DA:156,25
DA:157,25
DA:161,6
DA:163,6
DA:165,1
DA:167,1
DA:169,1
DA:170,1
DA:171,1
DA:174,5
DA:176,5
DA:178,5
DA:179,5
DA:180,5
DA:189,7
DA:190,0
DA:192,7
DA:200,6
DA:208,11
DA:219,1
DA:220,1
DA:221,1
DA:222,1
DA:223,1
DA:230,120
DA:231,120
DA:232,120
DA:233,120
DA:237,24
DA:238,24
LF:81
LH:75
BRDA:106,0,0,1
BRDA:106,0,1,10
BRDA:120,1,0,1
BRDA:120,1,1,12
BRDA:133,2,0,6
BRDA:133,2,1,26
BRDA:149,3,0,2
BRDA:149,3,1,31
BRDA:149,4,0,33
BRDA:149,4,1,32
BRDA:154,5,0,25
BRDA:154,5,1,6
BRDA:154,6,0,31
BRDA:154,6,1,30
BRDA:163,7,0,1
BRDA:163,7,1,5
BRDA:189,8,0,0
BRDA:189,8,1,7
BRDA:189,9,0,7
BRDA:189,9,1,7
BRF:20
BRH:19
end_of_record
TN:
SF:src\effects\base\BaseEffect.ts
FN:20,(anonymous_0)
FN:35,(anonymous_1)
FN:41,(anonymous_2)
FN:46,(anonymous_3)
FN:61,(anonymous_4)
FN:69,(anonymous_5)
FN:73,(anonymous_6)
FNF:7
FNH:6
FNDA:124,(anonymous_0)
FNDA:179,(anonymous_1)
FNDA:60,(anonymous_2)
FNDA:61,(anonymous_3)
FNDA:8,(anonymous_4)
FNDA:0,(anonymous_5)
FNDA:136,(anonymous_6)
DA:15,124
DA:16,124
DA:17,124
DA:21,124
DA:22,1
DA:25,123
DA:26,123
DA:27,123
DA:28,123
DA:29,123
DA:31,0
DA:36,179
DA:37,6
DA:42,60
DA:43,59
DA:47,61
DA:48,60
DA:62,8
DA:70,0
DA:74,136
DA:75,27
DA:78,109
DA:79,109
DA:80,109
DA:81,109
DA:82,109
DA:84,0
LF:27
LH:24
BRDA:21,0,0,1
BRDA:21,0,1,123
BRDA:31,1,0,0
BRDA:31,1,1,0
BRDA:36,2,0,6
BRDA:36,2,1,173
BRDA:74,3,0,27
BRDA:74,3,1,109
BRDA:84,4,0,0
BRDA:84,4,1,0
BRF:10
BRH:6
end_of_record
TN:
SF:src\types\common.ts
FNF:0
FNH:0
LF:0
LH:0
BRF:0
BRH:0
end_of_record
TN:
SF:src\types\index.ts
FNF:0
FNH:0
LF:0
LH:0
BRF:0
BRH:0
end_of_record
TN:
SF:src\types\player.ts
FNF:0
FNH:0
LF:0
LH:0
BRF:0
BRH:0
end_of_record
TN:
SF:src\types\wavesurfer.ts
FNF:0
FNH:0
LF:0
LH:0
BRF:0
BRH:0
end_of_record
